This file contains any messages produced by compilers while
running configure, to aid debugging if configure makes a mistake.

It was created by configure, which was
generated by GNU Autoconf 2.59.  Invocation command line was

  $ /home/lyne/Downloads/otp_src_17.5/lib/odbc/./configure --prefix=/opt/erlang --prefix=/opt/erlang --cache-file=/dev/null --srcdir=/home/lyne/Downloads/otp_src_17.5/lib --cache-file=/dev/null --srcdir=/home/lyne/Downloads/otp_src_17.5/lib/odbc/.

## --------- ##
## Platform. ##
## --------- ##

hostname = lyne-virtual-machine
uname -m = i686
uname -r = 3.16.0-34-generic
uname -s = Linux
uname -v = #47-Ubuntu SMP Fri Apr 10 18:03:41 UTC 2015

/usr/bin/uname -p = unknown
/bin/uname -X     = unknown

/bin/arch              = unknown
/usr/bin/arch -k       = unknown
/usr/convex/getsysinfo = unknown
hostinfo               = unknown
/bin/machine           = unknown
/usr/bin/oslevel       = unknown
/bin/universe          = unknown

PATH: /usr/local/sbin
PATH: /usr/local/bin
PATH: /usr/sbin
PATH: /usr/bin
PATH: /sbin
PATH: /bin
PATH: /usr/games
PATH: /usr/local/games


## ----------- ##
## Core tests. ##
## ----------- ##

configure:1367: checking build system type
configure:1385: result: i686-pc-linux-gnu
configure:1393: checking host system type
configure:1407: result: i686-pc-linux-gnu
configure:1489: checking for gcc
configure:1505: found /usr/bin/gcc
configure:1515: result: gcc
configure:1759: checking for C compiler version
configure:1762: gcc --version </dev/null >&5
gcc (Ubuntu 4.8.3-12ubuntu3) 4.8.3
Copyright (C) 2013 Free Software Foundation, Inc.
This is free software; see the source for copying conditions.  There is NO
warranty; not even for MERCHANTABILITY or FITNESS FOR A PARTICULAR PURPOSE.

configure:1765: $? = 0
configure:1767: gcc -v </dev/null >&5
Using built-in specs.
COLLECT_GCC=gcc
COLLECT_LTO_WRAPPER=/usr/lib/gcc/i686-linux-gnu/4.8/lto-wrapper
Target: i686-linux-gnu
Configured with: ../src/configure -v --with-pkgversion='Ubuntu 4.8.3-12ubuntu3' --with-bugurl=file:///usr/share/doc/gcc-4.8/README.Bugs --enable-languages=c,c++,java,go,d,fortran,objc,obj-c++ --prefix=/usr --program-suffix=-4.8 --enable-shared --enable-linker-build-id --libexecdir=/usr/lib --without-included-gettext --enable-threads=posix --with-gxx-include-dir=/usr/include/c++/4.8 --libdir=/usr/lib --enable-nls --with-sysroot=/ --enable-clocale=gnu --enable-libstdcxx-debug --enable-libstdcxx-time=yes --enable-gnu-unique-object --disable-libmudflap --enable-plugin --with-system-zlib --disable-browser-plugin --enable-java-awt=gtk --enable-gtk-cairo --with-java-home=/usr/lib/jvm/java-1.5.0-gcj-4.8-i386/jre --enable-java-home --with-jvm-root-dir=/usr/lib/jvm/java-1.5.0-gcj-4.8-i386 --with-jvm-jar-dir=/usr/lib/jvm-exports/java-1.5.0-gcj-4.8-i386 --with-arch-directory=i386 --with-ecj-jar=/usr/share/java/eclipse-ecj.jar --enable-objc-gc --enable-targets=all --enable-multiarch --disable-werror --with-arch-32=i686 --with-multilib-list=m32,m64,mx32 --with-tune=generic --enable-checking=release --build=i686-linux-gnu --host=i686-linux-gnu --target=i686-linux-gnu
Thread model: posix
gcc version 4.8.3 (Ubuntu 4.8.3-12ubuntu3) 
configure:1770: $? = 0
configure:1772: gcc -V </dev/null >&5
gcc: error: unrecognized command line option '-V'
gcc: fatal error: no input files
compilation terminated.
configure:1775: $? = 4
configure:1798: checking for C compiler default output file name
configure:1801: gcc    conftest.c  >&5
configure:1804: $? = 0
configure:1850: result: a.out
configure:1855: checking whether the C compiler works
configure:1861: ./a.out
configure:1864: $? = 0
configure:1881: result: yes
configure:1888: checking whether we are cross compiling
configure:1890: result: no
configure:1893: checking for suffix of executables
configure:1895: gcc -o conftest    conftest.c  >&5
configure:1898: $? = 0
configure:1923: result: 
configure:1929: checking for suffix of object files
configure:1950: gcc -c   conftest.c >&5
configure:1953: $? = 0
configure:1975: result: o
configure:1979: checking whether we are using the GNU C compiler
configure:2003: gcc -c   conftest.c >&5
configure:2009: $? = 0
configure:2013: test -z 
			 || test ! -s conftest.err
configure:2016: $? = 0
configure:2019: test -s conftest.o
configure:2022: $? = 0
configure:2035: result: yes
configure:2041: checking whether gcc accepts -g
configure:2062: gcc -c -g  conftest.c >&5
configure:2068: $? = 0
configure:2072: test -z 
			 || test ! -s conftest.err
configure:2075: $? = 0
configure:2078: test -s conftest.o
configure:2081: $? = 0
configure:2092: result: yes
configure:2109: checking for gcc option to accept ANSI C
configure:2179: gcc  -c -g -O2  conftest.c >&5
configure:2185: $? = 0
configure:2189: test -z 
			 || test ! -s conftest.err
configure:2192: $? = 0
configure:2195: test -s conftest.o
configure:2198: $? = 0
configure:2216: result: none needed
configure:2234: gcc -c -g -O2  conftest.c >&5
conftest.c:2:3: error: unknown type name 'choke'
   choke me
   ^
conftest.c:2:3: error: expected '=', ',', ';', 'asm' or '__attribute__' at end of input
configure:2240: $? = 1
configure: failed program was:
| #ifndef __cplusplus
|   choke me
| #endif
configure:2378: checking for mixed cygwin or msys and native VC++ environment
configure:2403: result: no
configure:2419: checking for mixed cygwin and native MinGW environment
configure:2437: result: no
configure:2446: checking if we mix cygwin with any native compiler
configure:2452: result: no
configure:2458: checking if we mix msys with another native compiler
configure:2464: result: no
configure:2471: checking whether make sets $(MAKE)
configure:2491: result: yes
configure:2505: checking for ld.sh
configure:2534: result: no
configure:2582: checking for ld
configure:2598: found /usr/bin/ld
configure:2609: result: ld
configure:2644: checking for connect
configure:2701: gcc -o conftest -g -O2   conftest.c  >&5
configure:2707: $? = 0
configure:2711: test -z 
			 || test ! -s conftest.err
configure:2714: $? = 0
configure:2717: test -s conftest
configure:2720: $? = 0
configure:2732: result: yes
configure:2912: checking for gethostbyname
configure:2969: gcc -o conftest -g -O2   conftest.c  >&5
configure:2975: $? = 0
configure:2979: test -z 
			 || test ! -s conftest.err
configure:2982: $? = 0
configure:2985: test -s conftest
configure:2988: $? = 0
configure:3000: result: yes
configure:3075: checking how to run the C preprocessor
configure:3110: gcc -E  conftest.c
configure:3116: $? = 0
configure:3148: gcc -E  conftest.c
conftest.c:9:28: fatal error: ac_nonexistent.h: No such file or directory
 #include <ac_nonexistent.h>
                            ^
compilation terminated.
configure:3154: $? = 1
configure: failed program was:
| /* confdefs.h.  */
| 
| #define PACKAGE_NAME ""
| #define PACKAGE_TARNAME ""
| #define PACKAGE_VERSION ""
| #define PACKAGE_STRING ""
| #define PACKAGE_BUGREPORT ""
| /* end confdefs.h.  */
| #include <ac_nonexistent.h>
configure:3193: result: gcc -E
configure:3217: gcc -E  conftest.c
configure:3223: $? = 0
configure:3255: gcc -E  conftest.c
conftest.c:9:28: fatal error: ac_nonexistent.h: No such file or directory
 #include <ac_nonexistent.h>
                            ^
compilation terminated.
configure:3261: $? = 1
configure: failed program was:
| /* confdefs.h.  */
| 
| #define PACKAGE_NAME ""
| #define PACKAGE_TARNAME ""
| #define PACKAGE_VERSION ""
| #define PACKAGE_STRING ""
| #define PACKAGE_BUGREPORT ""
| /* end confdefs.h.  */
| #include <ac_nonexistent.h>
configure:3305: checking for egrep
configure:3315: result: grep -E
configure:3320: checking for ANSI C header files
configure:3345: gcc -c -g -O2  conftest.c >&5
configure:3351: $? = 0
configure:3355: test -z 
			 || test ! -s conftest.err
configure:3358: $? = 0
configure:3361: test -s conftest.o
configure:3364: $? = 0
configure:3453: gcc -o conftest -g -O2   conftest.c  >&5
conftest.c: In function 'main':
conftest.c:26:7: warning: incompatible implicit declaration of built-in function 'exit' [enabled by default]
       exit(2);
       ^
configure:3456: $? = 0
configure:3458: ./conftest
configure:3461: $? = 0
configure:3476: result: yes
configure:3500: checking for sys/types.h
configure:3516: gcc -c -g -O2  conftest.c >&5
configure:3522: $? = 0
configure:3526: test -z 
			 || test ! -s conftest.err
configure:3529: $? = 0
configure:3532: test -s conftest.o
configure:3535: $? = 0
configure:3546: result: yes
configure:3500: checking for sys/stat.h
configure:3516: gcc -c -g -O2  conftest.c >&5
configure:3522: $? = 0
configure:3526: test -z 
			 || test ! -s conftest.err
configure:3529: $? = 0
configure:3532: test -s conftest.o
configure:3535: $? = 0
configure:3546: result: yes
configure:3500: checking for stdlib.h
configure:3516: gcc -c -g -O2  conftest.c >&5
configure:3522: $? = 0
configure:3526: test -z 
			 || test ! -s conftest.err
configure:3529: $? = 0
configure:3532: test -s conftest.o
configure:3535: $? = 0
configure:3546: result: yes
configure:3500: checking for string.h
configure:3516: gcc -c -g -O2  conftest.c >&5
configure:3522: $? = 0
configure:3526: test -z 
			 || test ! -s conftest.err
configure:3529: $? = 0
configure:3532: test -s conftest.o
configure:3535: $? = 0
configure:3546: result: yes
configure:3500: checking for memory.h
configure:3516: gcc -c -g -O2  conftest.c >&5
configure:3522: $? = 0
configure:3526: test -z 
			 || test ! -s conftest.err
configure:3529: $? = 0
configure:3532: test -s conftest.o
configure:3535: $? = 0
configure:3546: result: yes
configure:3500: checking for strings.h
configure:3516: gcc -c -g -O2  conftest.c >&5
configure:3522: $? = 0
configure:3526: test -z 
			 || test ! -s conftest.err
configure:3529: $? = 0
configure:3532: test -s conftest.o
configure:3535: $? = 0
configure:3546: result: yes
configure:3500: checking for inttypes.h
configure:3516: gcc -c -g -O2  conftest.c >&5
configure:3522: $? = 0
configure:3526: test -z 
			 || test ! -s conftest.err
configure:3529: $? = 0
configure:3532: test -s conftest.o
configure:3535: $? = 0
configure:3546: result: yes
configure:3500: checking for stdint.h
configure:3516: gcc -c -g -O2  conftest.c >&5
configure:3522: $? = 0
configure:3526: test -z 
			 || test ! -s conftest.err
configure:3529: $? = 0
configure:3532: test -s conftest.o
configure:3535: $? = 0
configure:3546: result: yes
configure:3500: checking for unistd.h
configure:3516: gcc -c -g -O2  conftest.c >&5
configure:3522: $? = 0
configure:3526: test -z 
			 || test ! -s conftest.err
configure:3529: $? = 0
configure:3532: test -s conftest.o
configure:3535: $? = 0
configure:3546: result: yes
configure:3577: checking fcntl.h usability
configure:3589: gcc -c -g -O2  conftest.c >&5
configure:3595: $? = 0
configure:3599: test -z 
			 || test ! -s conftest.err
configure:3602: $? = 0
configure:3605: test -s conftest.o
configure:3608: $? = 0
configure:3618: result: yes
configure:3622: checking fcntl.h presence
configure:3632: gcc -E  conftest.c
configure:3638: $? = 0
configure:3658: result: yes
configure:3693: checking for fcntl.h
configure:3700: result: yes
configure:3577: checking netdb.h usability
configure:3589: gcc -c -g -O2  conftest.c >&5
configure:3595: $? = 0
configure:3599: test -z 
			 || test ! -s conftest.err
configure:3602: $? = 0
configure:3605: test -s conftest.o
configure:3608: $? = 0
configure:3618: result: yes
configure:3622: checking netdb.h presence
configure:3632: gcc -E  conftest.c
configure:3638: $? = 0
configure:3658: result: yes
configure:3693: checking for netdb.h
configure:3700: result: yes
configure:3568: checking for stdlib.h
configure:3573: result: yes
configure:3568: checking for string.h
configure:3573: result: yes
configure:3577: checking sys/socket.h usability
configure:3589: gcc -c -g -O2  conftest.c >&5
configure:3595: $? = 0
configure:3599: test -z 
			 || test ! -s conftest.err
configure:3602: $? = 0
configure:3605: test -s conftest.o
configure:3608: $? = 0
configure:3618: result: yes
configure:3622: checking sys/socket.h presence
configure:3632: gcc -E  conftest.c
configure:3638: $? = 0
configure:3658: result: yes
configure:3693: checking for sys/socket.h
configure:3700: result: yes
configure:3577: checking winsock2.h usability
configure:3589: gcc -c -g -O2  conftest.c >&5
conftest.c:58:22: fatal error: winsock2.h: No such file or directory
 #include <winsock2.h>
                      ^
compilation terminated.
configure:3595: $? = 1
configure: failed program was:
| /* confdefs.h.  */
| 
| #define PACKAGE_NAME ""
| #define PACKAGE_TARNAME ""
| #define PACKAGE_VERSION ""
| #define PACKAGE_STRING ""
| #define PACKAGE_BUGREPORT ""
| #define STDC_HEADERS 1
| #define HAVE_SYS_TYPES_H 1
| #define HAVE_SYS_STAT_H 1
| #define HAVE_STDLIB_H 1
| #define HAVE_STRING_H 1
| #define HAVE_MEMORY_H 1
| #define HAVE_STRINGS_H 1
| #define HAVE_INTTYPES_H 1
| #define HAVE_STDINT_H 1
| #define HAVE_UNISTD_H 1
| #define HAVE_FCNTL_H 1
| #define HAVE_NETDB_H 1
| #define HAVE_STDLIB_H 1
| #define HAVE_STRING_H 1
| #define HAVE_SYS_SOCKET_H 1
| /* end confdefs.h.  */
| #include <stdio.h>
| #if HAVE_SYS_TYPES_H
| # include <sys/types.h>
| #endif
| #if HAVE_SYS_STAT_H
| # include <sys/stat.h>
| #endif
| #if STDC_HEADERS
| # include <stdlib.h>
| # include <stddef.h>
| #else
| # if HAVE_STDLIB_H
| #  include <stdlib.h>
| # endif
| #endif
| #if HAVE_STRING_H
| # if !STDC_HEADERS && HAVE_MEMORY_H
| #  include <memory.h>
| # endif
| # include <string.h>
| #endif
| #if HAVE_STRINGS_H
| # include <strings.h>
| #endif
| #if HAVE_INTTYPES_H
| # include <inttypes.h>
| #else
| # if HAVE_STDINT_H
| #  include <stdint.h>
| # endif
| #endif
| #if HAVE_UNISTD_H
| # include <unistd.h>
| #endif
| #include <winsock2.h>
configure:3618: result: no
configure:3622: checking winsock2.h presence
configure:3632: gcc -E  conftest.c
conftest.c:24:22: fatal error: winsock2.h: No such file or directory
 #include <winsock2.h>
                      ^
compilation terminated.
configure:3638: $? = 1
configure: failed program was:
| /* confdefs.h.  */
| 
| #define PACKAGE_NAME ""
| #define PACKAGE_TARNAME ""
| #define PACKAGE_VERSION ""
| #define PACKAGE_STRING ""
| #define PACKAGE_BUGREPORT ""
| #define STDC_HEADERS 1
| #define HAVE_SYS_TYPES_H 1
| #define HAVE_SYS_STAT_H 1
| #define HAVE_STDLIB_H 1
| #define HAVE_STRING_H 1
| #define HAVE_MEMORY_H 1
| #define HAVE_STRINGS_H 1
| #define HAVE_INTTYPES_H 1
| #define HAVE_STDINT_H 1
| #define HAVE_UNISTD_H 1
| #define HAVE_FCNTL_H 1
| #define HAVE_NETDB_H 1
| #define HAVE_STDLIB_H 1
| #define HAVE_STRING_H 1
| #define HAVE_SYS_SOCKET_H 1
| /* end confdefs.h.  */
| #include <winsock2.h>
configure:3658: result: no
configure:3693: checking for winsock2.h
configure:3700: result: no
configure:3727: checking windows.h usability
configure:3739: gcc -c -g -O2  conftest.c >&5
conftest.c:58:21: fatal error: windows.h: No such file or directory
 #include <windows.h>
                     ^
compilation terminated.
configure:3745: $? = 1
configure: failed program was:
| /* confdefs.h.  */
| 
| #define PACKAGE_NAME ""
| #define PACKAGE_TARNAME ""
| #define PACKAGE_VERSION ""
| #define PACKAGE_STRING ""
| #define PACKAGE_BUGREPORT ""
| #define STDC_HEADERS 1
| #define HAVE_SYS_TYPES_H 1
| #define HAVE_SYS_STAT_H 1
| #define HAVE_STDLIB_H 1
| #define HAVE_STRING_H 1
| #define HAVE_MEMORY_H 1
| #define HAVE_STRINGS_H 1
| #define HAVE_INTTYPES_H 1
| #define HAVE_STDINT_H 1
| #define HAVE_UNISTD_H 1
| #define HAVE_FCNTL_H 1
| #define HAVE_NETDB_H 1
| #define HAVE_STDLIB_H 1
| #define HAVE_STRING_H 1
| #define HAVE_SYS_SOCKET_H 1
| /* end confdefs.h.  */
| #include <stdio.h>
| #if HAVE_SYS_TYPES_H
| # include <sys/types.h>
| #endif
| #if HAVE_SYS_STAT_H
| # include <sys/stat.h>
| #endif
| #if STDC_HEADERS
| # include <stdlib.h>
| # include <stddef.h>
| #else
| # if HAVE_STDLIB_H
| #  include <stdlib.h>
| # endif
| #endif
| #if HAVE_STRING_H
| # if !STDC_HEADERS && HAVE_MEMORY_H
| #  include <memory.h>
| # endif
| # include <string.h>
| #endif
| #if HAVE_STRINGS_H
| # include <strings.h>
| #endif
| #if HAVE_INTTYPES_H
| # include <inttypes.h>
| #else
| # if HAVE_STDINT_H
| #  include <stdint.h>
| # endif
| #endif
| #if HAVE_UNISTD_H
| # include <unistd.h>
| #endif
| #include <windows.h>
configure:3768: result: no
configure:3772: checking windows.h presence
configure:3782: gcc -E  conftest.c
conftest.c:24:21: fatal error: windows.h: No such file or directory
 #include <windows.h>
                     ^
compilation terminated.
configure:3788: $? = 1
configure: failed program was:
| /* confdefs.h.  */
| 
| #define PACKAGE_NAME ""
| #define PACKAGE_TARNAME ""
| #define PACKAGE_VERSION ""
| #define PACKAGE_STRING ""
| #define PACKAGE_BUGREPORT ""
| #define STDC_HEADERS 1
| #define HAVE_SYS_TYPES_H 1
| #define HAVE_SYS_STAT_H 1
| #define HAVE_STDLIB_H 1
| #define HAVE_STRING_H 1
| #define HAVE_MEMORY_H 1
| #define HAVE_STRINGS_H 1
| #define HAVE_INTTYPES_H 1
| #define HAVE_STDINT_H 1
| #define HAVE_UNISTD_H 1
| #define HAVE_FCNTL_H 1
| #define HAVE_NETDB_H 1
| #define HAVE_STDLIB_H 1
| #define HAVE_STRING_H 1
| #define HAVE_SYS_SOCKET_H 1
| /* end confdefs.h.  */
| #include <windows.h>
configure:3808: result: no
configure:3843: checking for windows.h
configure:3850: result: no
configure:3868: checking for sql.h
configure:3887: gcc -c -g -O2  conftest.c >&5
configure:3893: $? = 0
configure:3897: test -z 
			 || test ! -s conftest.err
configure:3900: $? = 0
configure:3903: test -s conftest.o
configure:3906: $? = 0
configure:3917: result: yes
configure:3868: checking for sqlext.h
configure:3887: gcc -c -g -O2  conftest.c >&5
configure:3893: $? = 0
configure:3897: test -z 
			 || test ! -s conftest.err
configure:3900: $? = 0
configure:3903: test -s conftest.o
configure:3906: $? = 0
configure:3917: result: yes
configure:3931: checking for an ANSI C-conforming const
configure:3998: gcc -c -g -O2  conftest.c >&5
configure:4004: $? = 0
configure:4008: test -z 
			 || test ! -s conftest.err
configure:4011: $? = 0
configure:4014: test -s conftest.o
configure:4017: $? = 0
configure:4028: result: yes
configure:4038: checking for size_t
configure:4062: gcc -c -g -O2  conftest.c >&5
configure:4068: $? = 0
configure:4072: test -z 
			 || test ! -s conftest.err
configure:4075: $? = 0
configure:4078: test -s conftest.o
configure:4081: $? = 0
configure:4092: result: yes
configure:4104: checking for struct sockaddr_in6.sin6_addr
configure:4133: gcc -c -g -O2  conftest.c >&5
conftest.c: In function 'main':
conftest.c:37:5: error: used struct type value where scalar is required
 if (ac_aggr.sin6_addr)
     ^
configure:4139: $? = 1
configure: failed program was:
| /* confdefs.h.  */
| 
| #define PACKAGE_NAME ""
| #define PACKAGE_TARNAME ""
| #define PACKAGE_VERSION ""
| #define PACKAGE_STRING ""
| #define PACKAGE_BUGREPORT ""
| #define STDC_HEADERS 1
| #define HAVE_SYS_TYPES_H 1
| #define HAVE_SYS_STAT_H 1
| #define HAVE_STDLIB_H 1
| #define HAVE_STRING_H 1
| #define HAVE_MEMORY_H 1
| #define HAVE_STRINGS_H 1
| #define HAVE_INTTYPES_H 1
| #define HAVE_STDINT_H 1
| #define HAVE_UNISTD_H 1
| #define HAVE_FCNTL_H 1
| #define HAVE_NETDB_H 1
| #define HAVE_STDLIB_H 1
| #define HAVE_STRING_H 1
| #define HAVE_SYS_SOCKET_H 1
| #define HAVE_SQL_H 1
| #define HAVE_SQLEXT_H 1
| /* end confdefs.h.  */
| #if HAVE_WINSOCK2_H
| 			  #include <winsock2.h>
| 			  #include <ws2tcpip.h>
| 			  #else
| 			  #include <netinet/in.h>
| 			  #endif
| 
| int
| main ()
| {
| static struct sockaddr_in6 ac_aggr;
| if (ac_aggr.sin6_addr)
| return 0;
|   ;
|   return 0;
| }
configure:4183: gcc -c -g -O2  conftest.c >&5
configure:4189: $? = 0
configure:4193: test -z 
			 || test ! -s conftest.err
configure:4196: $? = 0
configure:4199: test -s conftest.o
configure:4202: $? = 0
configure:4215: result: yes
configure:4232: checking for memset
configure:4289: gcc -o conftest -g -O2   conftest.c  >&5
conftest.c:51:6: warning: conflicting types for built-in function 'memset' [enabled by default]
 char memset ();
      ^
configure:4295: $? = 0
configure:4299: test -z 
			 || test ! -s conftest.err
configure:4302: $? = 0
configure:4305: test -s conftest
configure:4308: $? = 0
configure:4320: result: yes
configure:4232: checking for socket
configure:4289: gcc -o conftest -g -O2   conftest.c  >&5
configure:4295: $? = 0
configure:4299: test -z 
			 || test ! -s conftest.err
configure:4302: $? = 0
configure:4305: test -s conftest
configure:4308: $? = 0
configure:4320: result: yes
configure:4338: checking for native win32 threads
configure:4355: result: no
configure:4363: checking for pthread_create in -lpthread
configure:4393: gcc -o conftest -g -O2   conftest.c -lpthread   >&5
configure:4399: $? = 0
configure:4403: test -z 
			 || test ! -s conftest.err
configure:4406: $? = 0
configure:4409: test -s conftest
configure:4412: $? = 0
configure:4425: result: yes
configure:4677: checking for getconf
configure:4693: found /usr/bin/getconf
configure:4704: result: getconf
configure:4845: checking for Native POSIX Thread Library
configure:4864: result: yes
configure:4884: checking nptl/pthread.h usability
configure:4896: gcc -c -g -O2  conftest.c >&5
conftest.c:63:26: fatal error: nptl/pthread.h: No such file or directory
 #include <nptl/pthread.h>
                          ^
compilation terminated.
configure:4902: $? = 1
configure: failed program was:
| /* confdefs.h.  */
| 
| #define PACKAGE_NAME ""
| #define PACKAGE_TARNAME ""
| #define PACKAGE_VERSION ""
| #define PACKAGE_STRING ""
| #define PACKAGE_BUGREPORT ""
| #define STDC_HEADERS 1
| #define HAVE_SYS_TYPES_H 1
| #define HAVE_SYS_STAT_H 1
| #define HAVE_STDLIB_H 1
| #define HAVE_STRING_H 1
| #define HAVE_MEMORY_H 1
| #define HAVE_STRINGS_H 1
| #define HAVE_INTTYPES_H 1
| #define HAVE_STDINT_H 1
| #define HAVE_UNISTD_H 1
| #define HAVE_FCNTL_H 1
| #define HAVE_NETDB_H 1
| #define HAVE_STDLIB_H 1
| #define HAVE_STRING_H 1
| #define HAVE_SYS_SOCKET_H 1
| #define HAVE_SQL_H 1
| #define HAVE_SQLEXT_H 1
| #define HAVE_STRUCT_SOCKADDR_IN6_SIN6_ADDR 1
| #define HAVE_MEMSET 1
| #define HAVE_SOCKET 1
| /* end confdefs.h.  */
| #include <stdio.h>
| #if HAVE_SYS_TYPES_H
| # include <sys/types.h>
| #endif
| #if HAVE_SYS_STAT_H
| # include <sys/stat.h>
| #endif
| #if STDC_HEADERS
| # include <stdlib.h>
| # include <stddef.h>
| #else
| # if HAVE_STDLIB_H
| #  include <stdlib.h>
| # endif
| #endif
| #if HAVE_STRING_H
| # if !STDC_HEADERS && HAVE_MEMORY_H
| #  include <memory.h>
| # endif
| # include <string.h>
| #endif
| #if HAVE_STRINGS_H
| # include <strings.h>
| #endif
| #if HAVE_INTTYPES_H
| # include <inttypes.h>
| #else
| # if HAVE_STDINT_H
| #  include <stdint.h>
| # endif
| #endif
| #if HAVE_UNISTD_H
| # include <unistd.h>
| #endif
| #include <nptl/pthread.h>
configure:4925: result: no
configure:4929: checking nptl/pthread.h presence
configure:4939: gcc -E  conftest.c
conftest.c:29:26: fatal error: nptl/pthread.h: No such file or directory
 #include <nptl/pthread.h>
                          ^
compilation terminated.
configure:4945: $? = 1
configure: failed program was:
| /* confdefs.h.  */
| 
| #define PACKAGE_NAME ""
| #define PACKAGE_TARNAME ""
| #define PACKAGE_VERSION ""
| #define PACKAGE_STRING ""
| #define PACKAGE_BUGREPORT ""
| #define STDC_HEADERS 1
| #define HAVE_SYS_TYPES_H 1
| #define HAVE_SYS_STAT_H 1
| #define HAVE_STDLIB_H 1
| #define HAVE_STRING_H 1
| #define HAVE_MEMORY_H 1
| #define HAVE_STRINGS_H 1
| #define HAVE_INTTYPES_H 1
| #define HAVE_STDINT_H 1
| #define HAVE_UNISTD_H 1
| #define HAVE_FCNTL_H 1
| #define HAVE_NETDB_H 1
| #define HAVE_STDLIB_H 1
| #define HAVE_STRING_H 1
| #define HAVE_SYS_SOCKET_H 1
| #define HAVE_SQL_H 1
| #define HAVE_SQLEXT_H 1
| #define HAVE_STRUCT_SOCKADDR_IN6_SIN6_ADDR 1
| #define HAVE_MEMSET 1
| #define HAVE_SOCKET 1
| /* end confdefs.h.  */
| #include <nptl/pthread.h>
configure:4965: result: no
configure:5000: checking for nptl/pthread.h
configure:5007: result: no
configure:5213: checking pthread.h usability
configure:5225: gcc -c -g -O2   -D_THREAD_SAFE -D_REENTRANT -DPOSIX_THREADS -D_POSIX_THREAD_SAFE_FUNCTIONS conftest.c >&5
configure:5231: $? = 0
configure:5235: test -z 
			 || test ! -s conftest.err
configure:5238: $? = 0
configure:5241: test -s conftest.o
configure:5244: $? = 0
configure:5254: result: yes
configure:5258: checking pthread.h presence
configure:5268: gcc -E   -D_THREAD_SAFE -D_REENTRANT -DPOSIX_THREADS -D_POSIX_THREAD_SAFE_FUNCTIONS conftest.c
configure:5274: $? = 0
configure:5294: result: yes
configure:5329: checking for pthread.h
configure:5336: result: yes
configure:5360: checking pthread/mit/pthread.h usability
configure:5372: gcc -c -g -O2   -D_THREAD_SAFE -D_REENTRANT -DPOSIX_THREADS -D_POSIX_THREAD_SAFE_FUNCTIONS conftest.c >&5
conftest.c:64:33: fatal error: pthread/mit/pthread.h: No such file or directory
 #include <pthread/mit/pthread.h>
                                 ^
compilation terminated.
configure:5378: $? = 1
configure: failed program was:
| /* confdefs.h.  */
| 
| #define PACKAGE_NAME ""
| #define PACKAGE_TARNAME ""
| #define PACKAGE_VERSION ""
| #define PACKAGE_STRING ""
| #define PACKAGE_BUGREPORT ""
| #define STDC_HEADERS 1
| #define HAVE_SYS_TYPES_H 1
| #define HAVE_SYS_STAT_H 1
| #define HAVE_STDLIB_H 1
| #define HAVE_STRING_H 1
| #define HAVE_MEMORY_H 1
| #define HAVE_STRINGS_H 1
| #define HAVE_INTTYPES_H 1
| #define HAVE_STDINT_H 1
| #define HAVE_UNISTD_H 1
| #define HAVE_FCNTL_H 1
| #define HAVE_NETDB_H 1
| #define HAVE_STDLIB_H 1
| #define HAVE_STRING_H 1
| #define HAVE_SYS_SOCKET_H 1
| #define HAVE_SQL_H 1
| #define HAVE_SQLEXT_H 1
| #define HAVE_STRUCT_SOCKADDR_IN6_SIN6_ADDR 1
| #define HAVE_MEMSET 1
| #define HAVE_SOCKET 1
| #define HAVE_PTHREAD_H 1
| /* end confdefs.h.  */
| #include <stdio.h>
| #if HAVE_SYS_TYPES_H
| # include <sys/types.h>
| #endif
| #if HAVE_SYS_STAT_H
| # include <sys/stat.h>
| #endif
| #if STDC_HEADERS
| # include <stdlib.h>
| # include <stddef.h>
| #else
| # if HAVE_STDLIB_H
| #  include <stdlib.h>
| # endif
| #endif
| #if HAVE_STRING_H
| # if !STDC_HEADERS && HAVE_MEMORY_H
| #  include <memory.h>
| # endif
| # include <string.h>
| #endif
| #if HAVE_STRINGS_H
| # include <strings.h>
| #endif
| #if HAVE_INTTYPES_H
| # include <inttypes.h>
| #else
| # if HAVE_STDINT_H
| #  include <stdint.h>
| # endif
| #endif
| #if HAVE_UNISTD_H
| # include <unistd.h>
| #endif
| #include <pthread/mit/pthread.h>
configure:5401: result: no
configure:5405: checking pthread/mit/pthread.h presence
configure:5415: gcc -E   -D_THREAD_SAFE -D_REENTRANT -DPOSIX_THREADS -D_POSIX_THREAD_SAFE_FUNCTIONS conftest.c
conftest.c:30:33: fatal error: pthread/mit/pthread.h: No such file or directory
 #include <pthread/mit/pthread.h>
                                 ^
compilation terminated.
configure:5421: $? = 1
configure: failed program was:
| /* confdefs.h.  */
| 
| #define PACKAGE_NAME ""
| #define PACKAGE_TARNAME ""
| #define PACKAGE_VERSION ""
| #define PACKAGE_STRING ""
| #define PACKAGE_BUGREPORT ""
| #define STDC_HEADERS 1
| #define HAVE_SYS_TYPES_H 1
| #define HAVE_SYS_STAT_H 1
| #define HAVE_STDLIB_H 1
| #define HAVE_STRING_H 1
| #define HAVE_MEMORY_H 1
| #define HAVE_STRINGS_H 1
| #define HAVE_INTTYPES_H 1
| #define HAVE_STDINT_H 1
| #define HAVE_UNISTD_H 1
| #define HAVE_FCNTL_H 1
| #define HAVE_NETDB_H 1
| #define HAVE_STDLIB_H 1
| #define HAVE_STRING_H 1
| #define HAVE_SYS_SOCKET_H 1
| #define HAVE_SQL_H 1
| #define HAVE_SQLEXT_H 1
| #define HAVE_STRUCT_SOCKADDR_IN6_SIN6_ADDR 1
| #define HAVE_MEMSET 1
| #define HAVE_SOCKET 1
| #define HAVE_PTHREAD_H 1
| /* end confdefs.h.  */
| #include <pthread/mit/pthread.h>
configure:5441: result: no
configure:5476: checking for pthread/mit/pthread.h
configure:5483: result: no
configure:5740: checking for void *
configure:5764: gcc -c -g -O2  conftest.c >&5
configure:5770: $? = 0
configure:5774: test -z 
			 || test ! -s conftest.err
configure:5777: $? = 0
configure:5780: test -s conftest.o
configure:5783: $? = 0
configure:5794: result: yes
configure:5797: checking size of void *
configure:6116: gcc -o conftest -g -O2   conftest.c  >&5
configure:6119: $? = 0
configure:6121: ./conftest
configure:6124: $? = 0
configure:6147: result: 4
configure:6154: checking for odbc in standard locations
configure:6180: result: -L/usr/lib
configure:6182: checking for SQLAllocHandle in -lodbc
configure:6212: gcc -o conftest -g -O2   conftest.c -lodbc   >&5
configure:6218: $? = 0
configure:6222: test -z 
			 || test ! -s conftest.err
configure:6225: $? = 0
configure:6228: test -s conftest
configure:6231: $? = 0
configure:6244: result: yes
configure:6347: checking if we can add -Werror=return-type to CFLAGS (via CFLAGS)
configure:6367: gcc -c -Werror=return-type -g -O2  conftest.c >&5
configure:6373: $? = 0
configure:6377: test -z 
			 || test ! -s conftest.err
configure:6380: $? = 0
configure:6383: test -s conftest.o
configure:6386: $? = 0
configure:6398: result: yes
configure:6551: creating ./config.status

## ---------------------- ##
## Running config.status. ##
## ---------------------- ##

This file was extended by config.status, which was
generated by GNU Autoconf 2.59.  Invocation command line was

  CONFIG_FILES    = 
  CONFIG_HEADERS  = 
  CONFIG_LINKS    = 
  CONFIG_COMMANDS = 
  $ ./config.status 

on lyne-virtual-machine

config.status:657: creating c_src/i686-pc-linux-gnu/Makefile

## ---------------- ##
## Cache variables. ##
## ---------------- ##

ac_cv_build=i686-pc-linux-gnu
ac_cv_build_alias=i686-pc-linux-gnu
ac_cv_c_compiler_gnu=yes
ac_cv_c_const=yes
ac_cv_env_CC_set=
ac_cv_env_CC_value=
ac_cv_env_CFLAGS_set=
ac_cv_env_CFLAGS_value=
ac_cv_env_CPPFLAGS_set=
ac_cv_env_CPPFLAGS_value=
ac_cv_env_CPP_set=
ac_cv_env_CPP_value=
ac_cv_env_LDFLAGS_set=
ac_cv_env_LDFLAGS_value=
ac_cv_env_build_alias_set=
ac_cv_env_build_alias_value=
ac_cv_env_host_alias_set=
ac_cv_env_host_alias_value=
ac_cv_env_target_alias_set=
ac_cv_env_target_alias_value=
ac_cv_exeext=
ac_cv_func_connect=yes
ac_cv_func_gethostbyname=yes
ac_cv_func_memset=yes
ac_cv_func_socket=yes
ac_cv_header_fcntl_h=yes
ac_cv_header_inttypes_h=yes
ac_cv_header_memory_h=yes
ac_cv_header_netdb_h=yes
ac_cv_header_nptl_pthread_h=no
ac_cv_header_pthread_h=yes
ac_cv_header_pthread_mit_pthread_h=no
ac_cv_header_sql_h=yes
ac_cv_header_sqlext_h=yes
ac_cv_header_stdc=yes
ac_cv_header_stdint_h=yes
ac_cv_header_stdlib_h=yes
ac_cv_header_string_h=yes
ac_cv_header_strings_h=yes
ac_cv_header_sys_socket_h=yes
ac_cv_header_sys_stat_h=yes
ac_cv_header_sys_types_h=yes
ac_cv_header_unistd_h=yes
ac_cv_header_windows_h=no
ac_cv_header_winsock2_h=no
ac_cv_host=i686-pc-linux-gnu
ac_cv_host_alias=i686-pc-linux-gnu
ac_cv_lib_odbc_SQLAllocHandle=yes
ac_cv_lib_pthread_pthread_create=yes
ac_cv_member_struct_sockaddr_in6_sin6_addr=yes
ac_cv_objext=o
ac_cv_prog_CPP='gcc -E'
ac_cv_prog_GETCONF=getconf
ac_cv_prog_ac_ct_CC=gcc
ac_cv_prog_ac_ct_LD=ld
ac_cv_prog_cc_g=yes
ac_cv_prog_cc_stdc=
ac_cv_prog_egrep='grep -E'
ac_cv_prog_make_make_set=yes
ac_cv_sizeof_void_p=4
ac_cv_type_size_t=yes
ac_cv_type_void_p=yes

## ----------------- ##
## Output variables. ##
## ----------------- ##

CC='gcc'
CFLAGS='-Werror=return-type -g -O2'
CPP='gcc -E'
CPPFLAGS=''
DEFS='-DPACKAGE_NAME=\"\" -DPACKAGE_TARNAME=\"\" -DPACKAGE_VERSION=\"\" -DPACKAGE_STRING=\"\" -DPACKAGE_BUGREPORT=\"\" -DSTDC_HEADERS=1 -DHAVE_SYS_TYPES_H=1 -DHAVE_SYS_STAT_H=1 -DHAVE_STDLIB_H=1 -DHAVE_STRING_H=1 -DHAVE_MEMORY_H=1 -DHAVE_STRINGS_H=1 -DHAVE_INTTYPES_H=1 -DHAVE_STDINT_H=1 -DHAVE_UNISTD_H=1 -DHAVE_FCNTL_H=1 -DHAVE_NETDB_H=1 -DHAVE_STDLIB_H=1 -DHAVE_STRING_H=1 -DHAVE_SYS_SOCKET_H=1 -DHAVE_SQL_H=1 -DHAVE_SQLEXT_H=1 -DHAVE_STRUCT_SOCKADDR_IN6_SIN6_ADDR=1 -DHAVE_MEMSET=1 -DHAVE_SOCKET=1 -DHAVE_PTHREAD_H=1 -DSIZEOF_VOID_P=4 '
ECHO_C=''
ECHO_N='-n'
ECHO_T=''
EGREP='grep -E'
EXEEXT=''
GETCONF='getconf'
LD='ld'
LDFLAGS=''
LIBOBJS=''
LIBS=''
LTLIBOBJS=''
MIXED_CYGWIN='no'
MIXED_CYGWIN_MINGW='no'
MIXED_CYGWIN_VC='no'
MIXED_MSYS='no'
MIXED_MSYS_VC='no'
MIXED_VC='no'
OBJEXT='o'
ODBC_INCLUDE='-I/usr/include'
ODBC_LIB='-L/usr/lib -lodbc'
PACKAGE_BUGREPORT=''
PACKAGE_NAME=''
PACKAGE_STRING=''
PACKAGE_TARNAME=''
PACKAGE_VERSION=''
PATH_SEPARATOR=':'
SET_MAKE=''
SHELL='/bin/bash'
TARGET_FLAGS='-DUNIX'
THR_DEFS=' -D_THREAD_SAFE -D_REENTRANT -DPOSIX_THREADS -D_POSIX_THREAD_SAFE_FUNCTIONS'
THR_LIBS='-lpthread'
ac_ct_CC='gcc'
ac_ct_LD='ld'
ac_pt_GETCONF=''
bindir='${exec_prefix}/bin'
build='i686-pc-linux-gnu'
build_alias=''
build_cpu='i686'
build_os='linux-gnu'
build_vendor='pc'
datadir='${prefix}/share'
exec_prefix='${prefix}'
host='i686-pc-linux-gnu'
host_alias=''
host_cpu='i686'
host_os='linux-gnu'
host_vendor='pc'
includedir='${prefix}/include'
infodir='${prefix}/info'
libdir='/usr/lib'
libexecdir='${exec_prefix}/libexec'
localstatedir='${prefix}/var'
mandir='${prefix}/man'
oldincludedir='/usr/include'
prefix='/opt/erlang'
program_transform_name='s,x,x,'
sbindir='${exec_prefix}/sbin'
sharedstatedir='${prefix}/com'
sysconfdir='${prefix}/etc'
target_alias=''

## ----------- ##
## confdefs.h. ##
## ----------- ##

#define HAVE_FCNTL_H 1
#define HAVE_INTTYPES_H 1
#define HAVE_MEMORY_H 1
#define HAVE_MEMSET 1
#define HAVE_NETDB_H 1
#define HAVE_PTHREAD_H 1
#define HAVE_SOCKET 1
#define HAVE_SQLEXT_H 1
#define HAVE_SQL_H 1
#define HAVE_STDINT_H 1
#define HAVE_STDLIB_H 1
#define HAVE_STDLIB_H 1
#define HAVE_STRINGS_H 1
#define HAVE_STRING_H 1
#define HAVE_STRING_H 1
#define HAVE_STRUCT_SOCKADDR_IN6_SIN6_ADDR 1
#define HAVE_SYS_SOCKET_H 1
#define HAVE_SYS_STAT_H 1
#define HAVE_SYS_TYPES_H 1
#define HAVE_UNISTD_H 1
#define PACKAGE_BUGREPORT ""
#define PACKAGE_NAME ""
#define PACKAGE_STRING ""
#define PACKAGE_TARNAME ""
#define PACKAGE_VERSION ""
#define SIZEOF_VOID_P 4
#define STDC_HEADERS 1

configure: exit 0
