This file contains any messages produced by compilers while
running configure, to aid debugging if configure makes a mistake.

It was created by configure, which was
generated by GNU Autoconf 2.59.  Invocation command line was

  $ /home/lyne/Downloads/otp_src_17.5/lib/erl_interface/./configure --prefix=/opt/erlang --prefix=/opt/erlang --cache-file=/dev/null --srcdir=/home/lyne/Downloads/otp_src_17.5/lib --cache-file=/dev/null --srcdir=/home/lyne/Downloads/otp_src_17.5/lib/erl_interface/.

## --------- ##
## Platform. ##
## --------- ##

hostname = lyne-virtual-machine
uname -m = i686
uname -r = 3.16.0-34-generic
uname -s = Linux
uname -v = #47-Ubuntu SMP Fri Apr 10 18:03:41 UTC 2015

/usr/bin/uname -p = unknown
/bin/uname -X     = unknown

/bin/arch              = unknown
/usr/bin/arch -k       = unknown
/usr/convex/getsysinfo = unknown
hostinfo               = unknown
/bin/machine           = unknown
/usr/bin/oslevel       = unknown
/bin/universe          = unknown

PATH: /usr/local/sbin
PATH: /usr/local/bin
PATH: /usr/sbin
PATH: /usr/bin
PATH: /sbin
PATH: /bin
PATH: /usr/games
PATH: /usr/local/games


## ----------- ##
## Core tests. ##
## ----------- ##

configure:1362: checking build system type
configure:1380: result: i686-pc-linux-gnu
configure:1388: checking host system type
configure:1402: result: i686-pc-linux-gnu
configure:1481: checking for gcc
configure:1497: found /usr/bin/gcc
configure:1507: result: gcc
configure:1751: checking for C compiler version
configure:1754: gcc --version </dev/null >&5
gcc (Ubuntu 4.8.3-12ubuntu3) 4.8.3
Copyright (C) 2013 Free Software Foundation, Inc.
This is free software; see the source for copying conditions.  There is NO
warranty; not even for MERCHANTABILITY or FITNESS FOR A PARTICULAR PURPOSE.

configure:1757: $? = 0
configure:1759: gcc -v </dev/null >&5
Using built-in specs.
COLLECT_GCC=gcc
COLLECT_LTO_WRAPPER=/usr/lib/gcc/i686-linux-gnu/4.8/lto-wrapper
Target: i686-linux-gnu
Configured with: ../src/configure -v --with-pkgversion='Ubuntu 4.8.3-12ubuntu3' --with-bugurl=file:///usr/share/doc/gcc-4.8/README.Bugs --enable-languages=c,c++,java,go,d,fortran,objc,obj-c++ --prefix=/usr --program-suffix=-4.8 --enable-shared --enable-linker-build-id --libexecdir=/usr/lib --without-included-gettext --enable-threads=posix --with-gxx-include-dir=/usr/include/c++/4.8 --libdir=/usr/lib --enable-nls --with-sysroot=/ --enable-clocale=gnu --enable-libstdcxx-debug --enable-libstdcxx-time=yes --enable-gnu-unique-object --disable-libmudflap --enable-plugin --with-system-zlib --disable-browser-plugin --enable-java-awt=gtk --enable-gtk-cairo --with-java-home=/usr/lib/jvm/java-1.5.0-gcj-4.8-i386/jre --enable-java-home --with-jvm-root-dir=/usr/lib/jvm/java-1.5.0-gcj-4.8-i386 --with-jvm-jar-dir=/usr/lib/jvm-exports/java-1.5.0-gcj-4.8-i386 --with-arch-directory=i386 --with-ecj-jar=/usr/share/java/eclipse-ecj.jar --enable-objc-gc --enable-targets=all --enable-multiarch --disable-werror --with-arch-32=i686 --with-multilib-list=m32,m64,mx32 --with-tune=generic --enable-checking=release --build=i686-linux-gnu --host=i686-linux-gnu --target=i686-linux-gnu
Thread model: posix
gcc version 4.8.3 (Ubuntu 4.8.3-12ubuntu3) 
configure:1762: $? = 0
configure:1764: gcc -V </dev/null >&5
gcc: error: unrecognized command line option '-V'
gcc: fatal error: no input files
compilation terminated.
configure:1767: $? = 4
configure:1790: checking for C compiler default output file name
configure:1793: gcc    conftest.c  >&5
configure:1796: $? = 0
configure:1842: result: a.out
configure:1847: checking whether the C compiler works
configure:1853: ./a.out
configure:1856: $? = 0
configure:1873: result: yes
configure:1880: checking whether we are cross compiling
configure:1882: result: no
configure:1885: checking for suffix of executables
configure:1887: gcc -o conftest    conftest.c  >&5
configure:1890: $? = 0
configure:1915: result: 
configure:1921: checking for suffix of object files
configure:1942: gcc -c   conftest.c >&5
configure:1945: $? = 0
configure:1967: result: o
configure:1971: checking whether we are using the GNU C compiler
configure:1995: gcc -c   conftest.c >&5
configure:2001: $? = 0
configure:2005: test -z 
			 || test ! -s conftest.err
configure:2008: $? = 0
configure:2011: test -s conftest.o
configure:2014: $? = 0
configure:2027: result: yes
configure:2033: checking whether gcc accepts -g
configure:2054: gcc -c -g  conftest.c >&5
configure:2060: $? = 0
configure:2064: test -z 
			 || test ! -s conftest.err
configure:2067: $? = 0
configure:2070: test -s conftest.o
configure:2073: $? = 0
configure:2084: result: yes
configure:2101: checking for gcc option to accept ANSI C
configure:2171: gcc  -c -g -O2  conftest.c >&5
configure:2177: $? = 0
configure:2181: test -z 
			 || test ! -s conftest.err
configure:2184: $? = 0
configure:2187: test -s conftest.o
configure:2190: $? = 0
configure:2208: result: none needed
configure:2226: gcc -c -g -O2  conftest.c >&5
conftest.c:2:3: error: unknown type name 'choke'
   choke me
   ^
conftest.c:2:3: error: expected '=', ',', ';', 'asm' or '__attribute__' at end of input
configure:2232: $? = 1
configure: failed program was:
| #ifndef __cplusplus
|   choke me
| #endif
configure:2370: checking how to run the C preprocessor
configure:2405: gcc -E  conftest.c
configure:2411: $? = 0
configure:2443: gcc -E  conftest.c
conftest.c:9:28: fatal error: ac_nonexistent.h: No such file or directory
 #include <ac_nonexistent.h>
                            ^
compilation terminated.
configure:2449: $? = 1
configure: failed program was:
| /* confdefs.h.  */
| 
| #define PACKAGE_NAME ""
| #define PACKAGE_TARNAME ""
| #define PACKAGE_VERSION ""
| #define PACKAGE_STRING ""
| #define PACKAGE_BUGREPORT ""
| /* end confdefs.h.  */
| #include <ac_nonexistent.h>
configure:2488: result: gcc -E
configure:2512: gcc -E  conftest.c
configure:2518: $? = 0
configure:2550: gcc -E  conftest.c
conftest.c:9:28: fatal error: ac_nonexistent.h: No such file or directory
 #include <ac_nonexistent.h>
                            ^
compilation terminated.
configure:2556: $? = 1
configure: failed program was:
| /* confdefs.h.  */
| 
| #define PACKAGE_NAME ""
| #define PACKAGE_TARNAME ""
| #define PACKAGE_VERSION ""
| #define PACKAGE_STRING ""
| #define PACKAGE_BUGREPORT ""
| /* end confdefs.h.  */
| #include <ac_nonexistent.h>
configure:2640: checking for ranlib
configure:2656: found /usr/bin/ranlib
configure:2667: result: ranlib
configure:2683: checking for ld.sh
configure:2712: result: no
configure:2760: checking for ld
configure:2776: found /usr/bin/ld
configure:2787: result: ld
configure:2803: checking for egrep
configure:2813: result: grep -E
configure:2818: checking for ANSI C header files
configure:2843: gcc -c -g -O2  conftest.c >&5
configure:2849: $? = 0
configure:2853: test -z 
			 || test ! -s conftest.err
configure:2856: $? = 0
configure:2859: test -s conftest.o
configure:2862: $? = 0
configure:2951: gcc -o conftest -g -O2   conftest.c  >&5
conftest.c: In function 'main':
conftest.c:26:7: warning: incompatible implicit declaration of built-in function 'exit' [enabled by default]
       exit(2);
       ^
configure:2954: $? = 0
configure:2956: ./conftest
configure:2959: $? = 0
configure:2974: result: yes
configure:2998: checking for sys/types.h
configure:3014: gcc -c -g -O2  conftest.c >&5
configure:3020: $? = 0
configure:3024: test -z 
			 || test ! -s conftest.err
configure:3027: $? = 0
configure:3030: test -s conftest.o
configure:3033: $? = 0
configure:3044: result: yes
configure:2998: checking for sys/stat.h
configure:3014: gcc -c -g -O2  conftest.c >&5
configure:3020: $? = 0
configure:3024: test -z 
			 || test ! -s conftest.err
configure:3027: $? = 0
configure:3030: test -s conftest.o
configure:3033: $? = 0
configure:3044: result: yes
configure:2998: checking for stdlib.h
configure:3014: gcc -c -g -O2  conftest.c >&5
configure:3020: $? = 0
configure:3024: test -z 
			 || test ! -s conftest.err
configure:3027: $? = 0
configure:3030: test -s conftest.o
configure:3033: $? = 0
configure:3044: result: yes
configure:2998: checking for string.h
configure:3014: gcc -c -g -O2  conftest.c >&5
configure:3020: $? = 0
configure:3024: test -z 
			 || test ! -s conftest.err
configure:3027: $? = 0
configure:3030: test -s conftest.o
configure:3033: $? = 0
configure:3044: result: yes
configure:2998: checking for memory.h
configure:3014: gcc -c -g -O2  conftest.c >&5
configure:3020: $? = 0
configure:3024: test -z 
			 || test ! -s conftest.err
configure:3027: $? = 0
configure:3030: test -s conftest.o
configure:3033: $? = 0
configure:3044: result: yes
configure:2998: checking for strings.h
configure:3014: gcc -c -g -O2  conftest.c >&5
configure:3020: $? = 0
configure:3024: test -z 
			 || test ! -s conftest.err
configure:3027: $? = 0
configure:3030: test -s conftest.o
configure:3033: $? = 0
configure:3044: result: yes
configure:2998: checking for inttypes.h
configure:3014: gcc -c -g -O2  conftest.c >&5
configure:3020: $? = 0
configure:3024: test -z 
			 || test ! -s conftest.err
configure:3027: $? = 0
configure:3030: test -s conftest.o
configure:3033: $? = 0
configure:3044: result: yes
configure:2998: checking for stdint.h
configure:3014: gcc -c -g -O2  conftest.c >&5
configure:3020: $? = 0
configure:3024: test -z 
			 || test ! -s conftest.err
configure:3027: $? = 0
configure:3030: test -s conftest.o
configure:3033: $? = 0
configure:3044: result: yes
configure:2998: checking for unistd.h
configure:3014: gcc -c -g -O2  conftest.c >&5
configure:3020: $? = 0
configure:3024: test -z 
			 || test ! -s conftest.err
configure:3027: $? = 0
configure:3030: test -s conftest.o
configure:3033: $? = 0
configure:3044: result: yes
configure:3056: checking for short
configure:3080: gcc -c -g -O2  conftest.c >&5
configure:3086: $? = 0
configure:3090: test -z 
			 || test ! -s conftest.err
configure:3093: $? = 0
configure:3096: test -s conftest.o
configure:3099: $? = 0
configure:3110: result: yes
configure:3113: checking size of short
configure:3432: gcc -o conftest -g -O2   conftest.c  >&5
configure:3435: $? = 0
configure:3437: ./conftest
configure:3440: $? = 0
configure:3463: result: 2
configure:3470: checking for int
configure:3494: gcc -c -g -O2  conftest.c >&5
configure:3500: $? = 0
configure:3504: test -z 
			 || test ! -s conftest.err
configure:3507: $? = 0
configure:3510: test -s conftest.o
configure:3513: $? = 0
configure:3524: result: yes
configure:3527: checking size of int
configure:3846: gcc -o conftest -g -O2   conftest.c  >&5
configure:3849: $? = 0
configure:3851: ./conftest
configure:3854: $? = 0
configure:3877: result: 4
configure:3884: checking for long
configure:3908: gcc -c -g -O2  conftest.c >&5
configure:3914: $? = 0
configure:3918: test -z 
			 || test ! -s conftest.err
configure:3921: $? = 0
configure:3924: test -s conftest.o
configure:3927: $? = 0
configure:3938: result: yes
configure:3941: checking size of long
configure:4260: gcc -o conftest -g -O2   conftest.c  >&5
configure:4263: $? = 0
configure:4265: ./conftest
configure:4268: $? = 0
configure:4291: result: 4
configure:4298: checking for void *
configure:4322: gcc -c -g -O2  conftest.c >&5
configure:4328: $? = 0
configure:4332: test -z 
			 || test ! -s conftest.err
configure:4335: $? = 0
configure:4338: test -s conftest.o
configure:4341: $? = 0
configure:4352: result: yes
configure:4355: checking size of void *
configure:4674: gcc -o conftest -g -O2   conftest.c  >&5
configure:4677: $? = 0
configure:4679: ./conftest
configure:4682: $? = 0
configure:4705: result: 4
configure:4712: checking for long long
configure:4736: gcc -c -g -O2  conftest.c >&5
configure:4742: $? = 0
configure:4746: test -z 
			 || test ! -s conftest.err
configure:4749: $? = 0
configure:4752: test -s conftest.o
configure:4755: $? = 0
configure:4766: result: yes
configure:4769: checking size of long long
configure:5088: gcc -o conftest -g -O2   conftest.c  >&5
configure:5091: $? = 0
configure:5093: ./conftest
configure:5096: $? = 0
configure:5119: result: 8
configure:5172: checking for ar
configure:5188: found /usr/bin/ar
configure:5199: result: ar
configure:5240: checking for a BSD-compatible install
configure:5295: result: /usr/bin/install -c
configure:5306: checking how to create a directory including parents
configure:5327: result: /usr/bin/install -c -d
configure:5348: checking for gethostbyname in -lnsl
configure:5378: gcc -o conftest -g -O2   conftest.c -lnsl   >&5
configure:5384: $? = 0
configure:5388: test -z 
			 || test ! -s conftest.err
configure:5391: $? = 0
configure:5394: test -s conftest
configure:5397: $? = 0
configure:5410: result: yes
configure:5422: checking for getpeername in -lsocket
configure:5452: gcc -o conftest -g -O2   conftest.c -lsocket  -lnsl  >&5
/usr/bin/ld: cannot find -lsocket
collect2: error: ld returned 1 exit status
configure:5458: $? = 1
configure: failed program was:
| /* confdefs.h.  */
| 
| #define PACKAGE_NAME ""
| #define PACKAGE_TARNAME ""
| #define PACKAGE_VERSION ""
| #define PACKAGE_STRING ""
| #define PACKAGE_BUGREPORT ""
| #define STDC_HEADERS 1
| #define HAVE_SYS_TYPES_H 1
| #define HAVE_SYS_STAT_H 1
| #define HAVE_STDLIB_H 1
| #define HAVE_STRING_H 1
| #define HAVE_MEMORY_H 1
| #define HAVE_STRINGS_H 1
| #define HAVE_INTTYPES_H 1
| #define HAVE_STDINT_H 1
| #define HAVE_UNISTD_H 1
| #define SIZEOF_SHORT 2
| #define SIZEOF_INT 4
| #define SIZEOF_LONG 4
| #define SIZEOF_VOID_P 4
| #define SIZEOF_LONG_LONG 8
| #define HAVE_LIBNSL 1
| /* end confdefs.h.  */
| 
| /* Override any gcc2 internal prototype to avoid an error.  */
| #ifdef __cplusplus
| extern "C"
| #endif
| /* We use char because int might match the return type of a gcc2
|    builtin and then its argument prototype would still apply.  */
| char getpeername ();
| int
| main ()
| {
| getpeername ();
|   ;
|   return 0;
| }
configure:5484: result: no
configure:5497: checking for ANSI C header files
configure:5653: result: yes
configure:5663: checking for sys/wait.h that is POSIX.1 compatible
configure:5694: gcc -c -g -O2  conftest.c >&5
configure:5700: $? = 0
configure:5704: test -z 
			 || test ! -s conftest.err
configure:5707: $? = 0
configure:5710: test -s conftest.o
configure:5713: $? = 0
configure:5724: result: yes
configure:5762: checking arpa/inet.h usability
configure:5774: gcc -c -g -O2  conftest.c >&5
configure:5780: $? = 0
configure:5784: test -z 
			 || test ! -s conftest.err
configure:5787: $? = 0
configure:5790: test -s conftest.o
configure:5793: $? = 0
configure:5803: result: yes
configure:5807: checking arpa/inet.h presence
configure:5817: gcc -E  conftest.c
configure:5823: $? = 0
configure:5843: result: yes
configure:5878: checking for arpa/inet.h
configure:5885: result: yes
configure:5762: checking fcntl.h usability
configure:5774: gcc -c -g -O2  conftest.c >&5
configure:5780: $? = 0
configure:5784: test -z 
			 || test ! -s conftest.err
configure:5787: $? = 0
configure:5790: test -s conftest.o
configure:5793: $? = 0
configure:5803: result: yes
configure:5807: checking fcntl.h presence
configure:5817: gcc -E  conftest.c
configure:5823: $? = 0
configure:5843: result: yes
configure:5878: checking for fcntl.h
configure:5885: result: yes
configure:5762: checking limits.h usability
configure:5774: gcc -c -g -O2  conftest.c >&5
configure:5780: $? = 0
configure:5784: test -z 
			 || test ! -s conftest.err
configure:5787: $? = 0
configure:5790: test -s conftest.o
configure:5793: $? = 0
configure:5803: result: yes
configure:5807: checking limits.h presence
configure:5817: gcc -E  conftest.c
configure:5823: $? = 0
configure:5843: result: yes
configure:5878: checking for limits.h
configure:5885: result: yes
configure:5762: checking malloc.h usability
configure:5774: gcc -c -g -O2  conftest.c >&5
configure:5780: $? = 0
configure:5784: test -z 
			 || test ! -s conftest.err
configure:5787: $? = 0
configure:5790: test -s conftest.o
configure:5793: $? = 0
configure:5803: result: yes
configure:5807: checking malloc.h presence
configure:5817: gcc -E  conftest.c
configure:5823: $? = 0
configure:5843: result: yes
configure:5878: checking for malloc.h
configure:5885: result: yes
configure:5762: checking netdb.h usability
configure:5774: gcc -c -g -O2  conftest.c >&5
configure:5780: $? = 0
configure:5784: test -z 
			 || test ! -s conftest.err
configure:5787: $? = 0
configure:5790: test -s conftest.o
configure:5793: $? = 0
configure:5803: result: yes
configure:5807: checking netdb.h presence
configure:5817: gcc -E  conftest.c
configure:5823: $? = 0
configure:5843: result: yes
configure:5878: checking for netdb.h
configure:5885: result: yes
configure:5762: checking netinet/in.h usability
configure:5774: gcc -c -g -O2  conftest.c >&5
configure:5780: $? = 0
configure:5784: test -z 
			 || test ! -s conftest.err
configure:5787: $? = 0
configure:5790: test -s conftest.o
configure:5793: $? = 0
configure:5803: result: yes
configure:5807: checking netinet/in.h presence
configure:5817: gcc -E  conftest.c
configure:5823: $? = 0
configure:5843: result: yes
configure:5878: checking for netinet/in.h
configure:5885: result: yes
configure:5762: checking stddef.h usability
configure:5774: gcc -c -g -O2  conftest.c >&5
configure:5780: $? = 0
configure:5784: test -z 
			 || test ! -s conftest.err
configure:5787: $? = 0
configure:5790: test -s conftest.o
configure:5793: $? = 0
configure:5803: result: yes
configure:5807: checking stddef.h presence
configure:5817: gcc -E  conftest.c
configure:5823: $? = 0
configure:5843: result: yes
configure:5878: checking for stddef.h
configure:5885: result: yes
configure:5753: checking for stdlib.h
configure:5758: result: yes
configure:5753: checking for string.h
configure:5758: result: yes
configure:5762: checking sys/param.h usability
configure:5774: gcc -c -g -O2  conftest.c >&5
configure:5780: $? = 0
configure:5784: test -z 
			 || test ! -s conftest.err
configure:5787: $? = 0
configure:5790: test -s conftest.o
configure:5793: $? = 0
configure:5803: result: yes
configure:5807: checking sys/param.h presence
configure:5817: gcc -E  conftest.c
configure:5823: $? = 0
configure:5843: result: yes
configure:5878: checking for sys/param.h
configure:5885: result: yes
configure:5762: checking sys/socket.h usability
configure:5774: gcc -c -g -O2  conftest.c >&5
configure:5780: $? = 0
configure:5784: test -z 
			 || test ! -s conftest.err
configure:5787: $? = 0
configure:5790: test -s conftest.o
configure:5793: $? = 0
configure:5803: result: yes
configure:5807: checking sys/socket.h presence
configure:5817: gcc -E  conftest.c
configure:5823: $? = 0
configure:5843: result: yes
configure:5878: checking for sys/socket.h
configure:5885: result: yes
configure:5762: checking sys/select.h usability
configure:5774: gcc -c -g -O2  conftest.c >&5
configure:5780: $? = 0
configure:5784: test -z 
			 || test ! -s conftest.err
configure:5787: $? = 0
configure:5790: test -s conftest.o
configure:5793: $? = 0
configure:5803: result: yes
configure:5807: checking sys/select.h presence
configure:5817: gcc -E  conftest.c
configure:5823: $? = 0
configure:5843: result: yes
configure:5878: checking for sys/select.h
configure:5885: result: yes
configure:5762: checking sys/time.h usability
configure:5774: gcc -c -g -O2  conftest.c >&5
configure:5780: $? = 0
configure:5784: test -z 
			 || test ! -s conftest.err
configure:5787: $? = 0
configure:5790: test -s conftest.o
configure:5793: $? = 0
configure:5803: result: yes
configure:5807: checking sys/time.h presence
configure:5817: gcc -E  conftest.c
configure:5823: $? = 0
configure:5843: result: yes
configure:5878: checking for sys/time.h
configure:5885: result: yes
configure:5753: checking for unistd.h
configure:5758: result: yes
configure:5753: checking for sys/types.h
configure:5758: result: yes
configure:5901: checking for uid_t in sys/types.h
configure:5924: result: yes
configure:5939: checking for pid_t
configure:5963: gcc -c -g -O2  conftest.c >&5
configure:5969: $? = 0
configure:5973: test -z 
			 || test ! -s conftest.err
configure:5976: $? = 0
configure:5979: test -s conftest.o
configure:5982: $? = 0
configure:5993: result: yes
configure:6005: checking for size_t
configure:6029: gcc -c -g -O2  conftest.c >&5
configure:6035: $? = 0
configure:6039: test -z 
			 || test ! -s conftest.err
configure:6042: $? = 0
configure:6045: test -s conftest.o
configure:6048: $? = 0
configure:6059: result: yes
configure:6071: checking whether time.h and sys/time.h may both be included
configure:6096: gcc -c -g -O2  conftest.c >&5
configure:6102: $? = 0
configure:6106: test -z 
			 || test ! -s conftest.err
configure:6109: $? = 0
configure:6112: test -s conftest.o
configure:6115: $? = 0
configure:6126: result: yes
configure:6136: checking for socklen_t usability
configure:6155: gcc -c -g -O2  conftest.c >&5
configure:6161: $? = 0
configure:6165: test -z 
			 || test ! -s conftest.err
configure:6168: $? = 0
configure:6171: test -s conftest.o
configure:6174: $? = 0
configure:6176: result: yes
configure:6195: checking for working alloca.h
configure:6216: gcc -o conftest -g -O2   conftest.c -lnsl  >&5
configure:6222: $? = 0
configure:6226: test -z 
			 || test ! -s conftest.err
configure:6229: $? = 0
configure:6232: test -s conftest
configure:6235: $? = 0
configure:6247: result: yes
configure:6257: checking for alloca
configure:6298: gcc -o conftest -g -O2   conftest.c -lnsl  >&5
configure:6304: $? = 0
configure:6308: test -z 
			 || test ! -s conftest.err
configure:6311: $? = 0
configure:6314: test -s conftest
configure:6317: $? = 0
configure:6329: result: yes
configure:6554: checking whether gcc needs -traditional
configure:6596: result: no
configure:6604: checking for working memcmp
configure:6652: gcc -o conftest -g -O2   conftest.c -lnsl  >&5
configure:6655: $? = 0
configure:6657: ./conftest
configure:6660: $? = 0
configure:6674: result: yes
configure:6712: checking for dup2
configure:6769: gcc -o conftest -g -O2   conftest.c -lnsl  >&5
configure:6775: $? = 0
configure:6779: test -z 
			 || test ! -s conftest.err
configure:6782: $? = 0
configure:6785: test -s conftest
configure:6788: $? = 0
configure:6800: result: yes
configure:6712: checking for gethostbyaddr
configure:6769: gcc -o conftest -g -O2   conftest.c -lnsl  >&5
configure:6775: $? = 0
configure:6779: test -z 
			 || test ! -s conftest.err
configure:6782: $? = 0
configure:6785: test -s conftest
configure:6788: $? = 0
configure:6800: result: yes
configure:6712: checking for gethostbyname
configure:6769: gcc -o conftest -g -O2   conftest.c -lnsl  >&5
configure:6775: $? = 0
configure:6779: test -z 
			 || test ! -s conftest.err
configure:6782: $? = 0
configure:6785: test -s conftest
configure:6788: $? = 0
configure:6800: result: yes
configure:6712: checking for gethostbyaddr_r
configure:6769: gcc -o conftest -g -O2   conftest.c -lnsl  >&5
configure:6775: $? = 0
configure:6779: test -z 
			 || test ! -s conftest.err
configure:6782: $? = 0
configure:6785: test -s conftest
configure:6788: $? = 0
configure:6800: result: yes
configure:6712: checking for gethostbyname_r
configure:6769: gcc -o conftest -g -O2   conftest.c -lnsl  >&5
configure:6775: $? = 0
configure:6779: test -z 
			 || test ! -s conftest.err
configure:6782: $? = 0
configure:6785: test -s conftest
configure:6788: $? = 0
configure:6800: result: yes
configure:6712: checking for gethostname
configure:6769: gcc -o conftest -g -O2   conftest.c -lnsl  >&5
configure:6775: $? = 0
configure:6779: test -z 
			 || test ! -s conftest.err
configure:6782: $? = 0
configure:6785: test -s conftest
configure:6788: $? = 0
configure:6800: result: yes
configure:6712: checking for writev
configure:6769: gcc -o conftest -g -O2   conftest.c -lnsl  >&5
configure:6775: $? = 0
configure:6779: test -z 
			 || test ! -s conftest.err
configure:6782: $? = 0
configure:6785: test -s conftest
configure:6788: $? = 0
configure:6800: result: yes
configure:6712: checking for gethrtime
configure:6769: gcc -o conftest -g -O2   conftest.c -lnsl  >&5
/tmp/cct3qglO.o:(.data+0x0): undefined reference to `gethrtime'
/tmp/cct3qglO.o: In function `main':
/home/lyne/Downloads/otp_src_17.5/lib/erl_interface/conftest.c:93: undefined reference to `gethrtime'
collect2: error: ld returned 1 exit status
configure:6775: $? = 1
configure: failed program was:
| /* confdefs.h.  */
| 
| #define PACKAGE_NAME ""
| #define PACKAGE_TARNAME ""
| #define PACKAGE_VERSION ""
| #define PACKAGE_STRING ""
| #define PACKAGE_BUGREPORT ""
| #define STDC_HEADERS 1
| #define HAVE_SYS_TYPES_H 1
| #define HAVE_SYS_STAT_H 1
| #define HAVE_STDLIB_H 1
| #define HAVE_STRING_H 1
| #define HAVE_MEMORY_H 1
| #define HAVE_STRINGS_H 1
| #define HAVE_INTTYPES_H 1
| #define HAVE_STDINT_H 1
| #define HAVE_UNISTD_H 1
| #define SIZEOF_SHORT 2
| #define SIZEOF_INT 4
| #define SIZEOF_LONG 4
| #define SIZEOF_VOID_P 4
| #define SIZEOF_LONG_LONG 8
| #define HAVE_LIBNSL 1
| #define STDC_HEADERS 1
| #define HAVE_SYS_WAIT_H 1
| #define HAVE_ARPA_INET_H 1
| #define HAVE_FCNTL_H 1
| #define HAVE_LIMITS_H 1
| #define HAVE_MALLOC_H 1
| #define HAVE_NETDB_H 1
| #define HAVE_NETINET_IN_H 1
| #define HAVE_STDDEF_H 1
| #define HAVE_STDLIB_H 1
| #define HAVE_STRING_H 1
| #define HAVE_SYS_PARAM_H 1
| #define HAVE_SYS_SOCKET_H 1
| #define HAVE_SYS_SELECT_H 1
| #define HAVE_SYS_TIME_H 1
| #define HAVE_UNISTD_H 1
| #define HAVE_SYS_TYPES_H 1
| #define TIME_WITH_SYS_TIME 1
| #define HAVE_SOCKLEN_T
| #define HAVE_ALLOCA_H 1
| #define HAVE_ALLOCA 1
| #define HAVE_DUP2 1
| #define HAVE_GETHOSTBYADDR 1
| #define HAVE_GETHOSTBYNAME 1
| #define HAVE_GETHOSTBYADDR_R 1
| #define HAVE_GETHOSTBYNAME_R 1
| #define HAVE_GETHOSTNAME 1
| #define HAVE_WRITEV 1
| /* end confdefs.h.  */
| /* Define gethrtime to an innocuous variant, in case <limits.h> declares gethrtime.
|    For example, HP-UX 11i <limits.h> declares gettimeofday.  */
| #define gethrtime innocuous_gethrtime
| 
| /* System header to define __stub macros and hopefully few prototypes,
|     which can conflict with char gethrtime (); below.
|     Prefer <limits.h> to <assert.h> if __STDC__ is defined, since
|     <limits.h> exists even on freestanding compilers.  */
| 
| #ifdef __STDC__
| # include <limits.h>
| #else
| # include <assert.h>
| #endif
| 
| #undef gethrtime
| 
| /* Override any gcc2 internal prototype to avoid an error.  */
| #ifdef __cplusplus
| extern "C"
| {
| #endif
| /* We use char because int might match the return type of a gcc2
|    builtin and then its argument prototype would still apply.  */
| char gethrtime ();
| /* The GNU C library defines this for functions which it implements
|     to always fail with ENOSYS.  Some functions are actually named
|     something starting with __ and the normal name is an alias.  */
| #if defined (__stub_gethrtime) || defined (__stub___gethrtime)
| choke me
| #else
| char (*f) () = gethrtime;
| #endif
| #ifdef __cplusplus
| }
| #endif
| 
| int
| main ()
| {
| return f != gethrtime;
|   ;
|   return 0;
| }
configure:6800: result: no
configure:6712: checking for gettimeofday
configure:6769: gcc -o conftest -g -O2   conftest.c -lnsl  >&5
configure:6775: $? = 0
configure:6779: test -z 
			 || test ! -s conftest.err
configure:6782: $? = 0
configure:6785: test -s conftest
configure:6788: $? = 0
configure:6800: result: yes
configure:6712: checking for inet_ntoa
configure:6769: gcc -o conftest -g -O2   conftest.c -lnsl  >&5
configure:6775: $? = 0
configure:6779: test -z 
			 || test ! -s conftest.err
configure:6782: $? = 0
configure:6785: test -s conftest
configure:6788: $? = 0
configure:6800: result: yes
configure:6712: checking for memchr
configure:6769: gcc -o conftest -g -O2   conftest.c -lnsl  >&5
conftest.c:79:6: warning: conflicting types for built-in function 'memchr' [enabled by default]
 char memchr ();
      ^
configure:6775: $? = 0
configure:6779: test -z 
			 || test ! -s conftest.err
configure:6782: $? = 0
configure:6785: test -s conftest
configure:6788: $? = 0
configure:6800: result: yes
configure:6712: checking for memmove
configure:6769: gcc -o conftest -g -O2   conftest.c -lnsl  >&5
conftest.c:80:6: warning: conflicting types for built-in function 'memmove' [enabled by default]
 char memmove ();
      ^
configure:6775: $? = 0
configure:6779: test -z 
			 || test ! -s conftest.err
configure:6782: $? = 0
configure:6785: test -s conftest
configure:6788: $? = 0
configure:6800: result: yes
configure:6712: checking for memset
configure:6769: gcc -o conftest -g -O2   conftest.c -lnsl  >&5
conftest.c:81:6: warning: conflicting types for built-in function 'memset' [enabled by default]
 char memset ();
      ^
configure:6775: $? = 0
configure:6779: test -z 
			 || test ! -s conftest.err
configure:6782: $? = 0
configure:6785: test -s conftest
configure:6788: $? = 0
configure:6800: result: yes
configure:6712: checking for select
configure:6769: gcc -o conftest -g -O2   conftest.c -lnsl  >&5
configure:6775: $? = 0
configure:6779: test -z 
			 || test ! -s conftest.err
configure:6782: $? = 0
configure:6785: test -s conftest
configure:6788: $? = 0
configure:6800: result: yes
configure:6712: checking for socket
configure:6769: gcc -o conftest -g -O2   conftest.c -lnsl  >&5
configure:6775: $? = 0
configure:6779: test -z 
			 || test ! -s conftest.err
configure:6782: $? = 0
configure:6785: test -s conftest
configure:6788: $? = 0
configure:6800: result: yes
configure:6712: checking for strchr
configure:6769: gcc -o conftest -g -O2   conftest.c -lnsl  >&5
conftest.c:84:6: warning: conflicting types for built-in function 'strchr' [enabled by default]
 char strchr ();
      ^
configure:6775: $? = 0
configure:6779: test -z 
			 || test ! -s conftest.err
configure:6782: $? = 0
configure:6785: test -s conftest
configure:6788: $? = 0
configure:6800: result: yes
configure:6712: checking for strerror
configure:6769: gcc -o conftest -g -O2   conftest.c -lnsl  >&5
configure:6775: $? = 0
configure:6779: test -z 
			 || test ! -s conftest.err
configure:6782: $? = 0
configure:6785: test -s conftest
configure:6788: $? = 0
configure:6800: result: yes
configure:6712: checking for strrchr
configure:6769: gcc -o conftest -g -O2   conftest.c -lnsl  >&5
conftest.c:86:6: warning: conflicting types for built-in function 'strrchr' [enabled by default]
 char strrchr ();
      ^
configure:6775: $? = 0
configure:6779: test -z 
			 || test ! -s conftest.err
configure:6782: $? = 0
configure:6785: test -s conftest
configure:6788: $? = 0
configure:6800: result: yes
configure:6712: checking for strstr
configure:6769: gcc -o conftest -g -O2   conftest.c -lnsl  >&5
conftest.c:87:6: warning: conflicting types for built-in function 'strstr' [enabled by default]
 char strstr ();
      ^
configure:6775: $? = 0
configure:6779: test -z 
			 || test ! -s conftest.err
configure:6782: $? = 0
configure:6785: test -s conftest
configure:6788: $? = 0
configure:6800: result: yes
configure:6712: checking for uname
configure:6769: gcc -o conftest -g -O2   conftest.c -lnsl  >&5
configure:6775: $? = 0
configure:6779: test -z 
			 || test ! -s conftest.err
configure:6782: $? = 0
configure:6785: test -s conftest
configure:6788: $? = 0
configure:6800: result: yes
configure:6810: checking for res_gethostbyname
configure:6867: gcc -o conftest -g -O2   conftest.c -lnsl  >&5
/tmp/ccy7SR1q.o:(.data+0x0): undefined reference to `res_gethostbyname'
/tmp/ccy7SR1q.o: In function `main':
/home/lyne/Downloads/otp_src_17.5/lib/erl_interface/conftest.c:105: undefined reference to `res_gethostbyname'
collect2: error: ld returned 1 exit status
configure:6873: $? = 1
configure: failed program was:
| /* confdefs.h.  */
| 
| #define PACKAGE_NAME ""
| #define PACKAGE_TARNAME ""
| #define PACKAGE_VERSION ""
| #define PACKAGE_STRING ""
| #define PACKAGE_BUGREPORT ""
| #define STDC_HEADERS 1
| #define HAVE_SYS_TYPES_H 1
| #define HAVE_SYS_STAT_H 1
| #define HAVE_STDLIB_H 1
| #define HAVE_STRING_H 1
| #define HAVE_MEMORY_H 1
| #define HAVE_STRINGS_H 1
| #define HAVE_INTTYPES_H 1
| #define HAVE_STDINT_H 1
| #define HAVE_UNISTD_H 1
| #define SIZEOF_SHORT 2
| #define SIZEOF_INT 4
| #define SIZEOF_LONG 4
| #define SIZEOF_VOID_P 4
| #define SIZEOF_LONG_LONG 8
| #define HAVE_LIBNSL 1
| #define STDC_HEADERS 1
| #define HAVE_SYS_WAIT_H 1
| #define HAVE_ARPA_INET_H 1
| #define HAVE_FCNTL_H 1
| #define HAVE_LIMITS_H 1
| #define HAVE_MALLOC_H 1
| #define HAVE_NETDB_H 1
| #define HAVE_NETINET_IN_H 1
| #define HAVE_STDDEF_H 1
| #define HAVE_STDLIB_H 1
| #define HAVE_STRING_H 1
| #define HAVE_SYS_PARAM_H 1
| #define HAVE_SYS_SOCKET_H 1
| #define HAVE_SYS_SELECT_H 1
| #define HAVE_SYS_TIME_H 1
| #define HAVE_UNISTD_H 1
| #define HAVE_SYS_TYPES_H 1
| #define TIME_WITH_SYS_TIME 1
| #define HAVE_SOCKLEN_T
| #define HAVE_ALLOCA_H 1
| #define HAVE_ALLOCA 1
| #define HAVE_DUP2 1
| #define HAVE_GETHOSTBYADDR 1
| #define HAVE_GETHOSTBYNAME 1
| #define HAVE_GETHOSTBYADDR_R 1
| #define HAVE_GETHOSTBYNAME_R 1
| #define HAVE_GETHOSTNAME 1
| #define HAVE_WRITEV 1
| #define HAVE_GETTIMEOFDAY 1
| #define HAVE_INET_NTOA 1
| #define HAVE_MEMCHR 1
| #define HAVE_MEMMOVE 1
| #define HAVE_MEMSET 1
| #define HAVE_SELECT 1
| #define HAVE_SOCKET 1
| #define HAVE_STRCHR 1
| #define HAVE_STRERROR 1
| #define HAVE_STRRCHR 1
| #define HAVE_STRSTR 1
| #define HAVE_UNAME 1
| /* end confdefs.h.  */
| /* Define res_gethostbyname to an innocuous variant, in case <limits.h> declares res_gethostbyname.
|    For example, HP-UX 11i <limits.h> declares gettimeofday.  */
| #define res_gethostbyname innocuous_res_gethostbyname
| 
| /* System header to define __stub macros and hopefully few prototypes,
|     which can conflict with char res_gethostbyname (); below.
|     Prefer <limits.h> to <assert.h> if __STDC__ is defined, since
|     <limits.h> exists even on freestanding compilers.  */
| 
| #ifdef __STDC__
| # include <limits.h>
| #else
| # include <assert.h>
| #endif
| 
| #undef res_gethostbyname
| 
| /* Override any gcc2 internal prototype to avoid an error.  */
| #ifdef __cplusplus
| extern "C"
| {
| #endif
| /* We use char because int might match the return type of a gcc2
|    builtin and then its argument prototype would still apply.  */
| char res_gethostbyname ();
| /* The GNU C library defines this for functions which it implements
|     to always fail with ENOSYS.  Some functions are actually named
|     something starting with __ and the normal name is an alias.  */
| #if defined (__stub_res_gethostbyname) || defined (__stub___res_gethostbyname)
| choke me
| #else
| char (*f) () = res_gethostbyname;
| #endif
| #ifdef __cplusplus
| }
| #endif
| 
| int
| main ()
| {
| return f != res_gethostbyname;
|   ;
|   return 0;
| }
configure:6898: result: no
configure:6904: checking for res_gethostbyname in -lresolv
configure:6934: gcc -o conftest -g -O2   conftest.c -lresolv  -lnsl  >&5
configure:6940: $? = 0
configure:6944: test -z 
			 || test ! -s conftest.err
configure:6947: $? = 0
configure:6950: test -s conftest
configure:6953: $? = 0
configure:6966: result: yes
configure:6980: checking for clock_gettime
configure:7037: gcc -o conftest -g -O2   conftest.c -lresolv -lnsl  >&5
configure:7043: $? = 0
configure:7047: test -z 
			 || test ! -s conftest.err
configure:7050: $? = 0
configure:7053: test -s conftest
configure:7056: $? = 0
configure:7068: result: yes
configure:7501: checking for mixed cygwin or msys and native VC++ environment
configure:7526: result: no
configure:7542: checking for mixed cygwin and native MinGW environment
configure:7560: result: no
configure:7569: checking if we mix cygwin with any native compiler
configure:7575: result: no
configure:7581: checking if we mix msys with another native compiler
configure:7587: result: no
configure:7607: checking for native win32 threads
configure:7624: result: no
configure:7632: checking for pthread_create in -lpthread
configure:7662: gcc -o conftest -g -O2   conftest.c -lpthread  -lresolv -lnsl  >&5
configure:7668: $? = 0
configure:7672: test -z 
			 || test ! -s conftest.err
configure:7675: $? = 0
configure:7678: test -s conftest
configure:7681: $? = 0
configure:7694: result: yes
configure:7946: checking for getconf
configure:7962: found /usr/bin/getconf
configure:7973: result: getconf
configure:8114: checking for Native POSIX Thread Library
configure:8133: result: yes
configure:8153: checking nptl/pthread.h usability
configure:8165: gcc -c -g -O2  conftest.c >&5
conftest.c:100:26: fatal error: nptl/pthread.h: No such file or directory
 #include <nptl/pthread.h>
                          ^
compilation terminated.
configure:8171: $? = 1
configure: failed program was:
| /* confdefs.h.  */
| 
| #define PACKAGE_NAME ""
| #define PACKAGE_TARNAME ""
| #define PACKAGE_VERSION ""
| #define PACKAGE_STRING ""
| #define PACKAGE_BUGREPORT ""
| #define STDC_HEADERS 1
| #define HAVE_SYS_TYPES_H 1
| #define HAVE_SYS_STAT_H 1
| #define HAVE_STDLIB_H 1
| #define HAVE_STRING_H 1
| #define HAVE_MEMORY_H 1
| #define HAVE_STRINGS_H 1
| #define HAVE_INTTYPES_H 1
| #define HAVE_STDINT_H 1
| #define HAVE_UNISTD_H 1
| #define SIZEOF_SHORT 2
| #define SIZEOF_INT 4
| #define SIZEOF_LONG 4
| #define SIZEOF_VOID_P 4
| #define SIZEOF_LONG_LONG 8
| #define HAVE_LIBNSL 1
| #define STDC_HEADERS 1
| #define HAVE_SYS_WAIT_H 1
| #define HAVE_ARPA_INET_H 1
| #define HAVE_FCNTL_H 1
| #define HAVE_LIMITS_H 1
| #define HAVE_MALLOC_H 1
| #define HAVE_NETDB_H 1
| #define HAVE_NETINET_IN_H 1
| #define HAVE_STDDEF_H 1
| #define HAVE_STDLIB_H 1
| #define HAVE_STRING_H 1
| #define HAVE_SYS_PARAM_H 1
| #define HAVE_SYS_SOCKET_H 1
| #define HAVE_SYS_SELECT_H 1
| #define HAVE_SYS_TIME_H 1
| #define HAVE_UNISTD_H 1
| #define HAVE_SYS_TYPES_H 1
| #define TIME_WITH_SYS_TIME 1
| #define HAVE_SOCKLEN_T
| #define HAVE_ALLOCA_H 1
| #define HAVE_ALLOCA 1
| #define HAVE_DUP2 1
| #define HAVE_GETHOSTBYADDR 1
| #define HAVE_GETHOSTBYNAME 1
| #define HAVE_GETHOSTBYADDR_R 1
| #define HAVE_GETHOSTBYNAME_R 1
| #define HAVE_GETHOSTNAME 1
| #define HAVE_WRITEV 1
| #define HAVE_GETTIMEOFDAY 1
| #define HAVE_INET_NTOA 1
| #define HAVE_MEMCHR 1
| #define HAVE_MEMMOVE 1
| #define HAVE_MEMSET 1
| #define HAVE_SELECT 1
| #define HAVE_SOCKET 1
| #define HAVE_STRCHR 1
| #define HAVE_STRERROR 1
| #define HAVE_STRRCHR 1
| #define HAVE_STRSTR 1
| #define HAVE_UNAME 1
| #define HAVE_LIBRESOLV 1
| /* end confdefs.h.  */
| #include <stdio.h>
| #if HAVE_SYS_TYPES_H
| # include <sys/types.h>
| #endif
| #if HAVE_SYS_STAT_H
| # include <sys/stat.h>
| #endif
| #if STDC_HEADERS
| # include <stdlib.h>
| # include <stddef.h>
| #else
| # if HAVE_STDLIB_H
| #  include <stdlib.h>
| # endif
| #endif
| #if HAVE_STRING_H
| # if !STDC_HEADERS && HAVE_MEMORY_H
| #  include <memory.h>
| # endif
| # include <string.h>
| #endif
| #if HAVE_STRINGS_H
| # include <strings.h>
| #endif
| #if HAVE_INTTYPES_H
| # include <inttypes.h>
| #else
| # if HAVE_STDINT_H
| #  include <stdint.h>
| # endif
| #endif
| #if HAVE_UNISTD_H
| # include <unistd.h>
| #endif
| #include <nptl/pthread.h>
configure:8194: result: no
configure:8198: checking nptl/pthread.h presence
configure:8208: gcc -E  conftest.c
conftest.c:66:26: fatal error: nptl/pthread.h: No such file or directory
 #include <nptl/pthread.h>
                          ^
compilation terminated.
configure:8214: $? = 1
configure: failed program was:
| /* confdefs.h.  */
| 
| #define PACKAGE_NAME ""
| #define PACKAGE_TARNAME ""
| #define PACKAGE_VERSION ""
| #define PACKAGE_STRING ""
| #define PACKAGE_BUGREPORT ""
| #define STDC_HEADERS 1
| #define HAVE_SYS_TYPES_H 1
| #define HAVE_SYS_STAT_H 1
| #define HAVE_STDLIB_H 1
| #define HAVE_STRING_H 1
| #define HAVE_MEMORY_H 1
| #define HAVE_STRINGS_H 1
| #define HAVE_INTTYPES_H 1
| #define HAVE_STDINT_H 1
| #define HAVE_UNISTD_H 1
| #define SIZEOF_SHORT 2
| #define SIZEOF_INT 4
| #define SIZEOF_LONG 4
| #define SIZEOF_VOID_P 4
| #define SIZEOF_LONG_LONG 8
| #define HAVE_LIBNSL 1
| #define STDC_HEADERS 1
| #define HAVE_SYS_WAIT_H 1
| #define HAVE_ARPA_INET_H 1
| #define HAVE_FCNTL_H 1
| #define HAVE_LIMITS_H 1
| #define HAVE_MALLOC_H 1
| #define HAVE_NETDB_H 1
| #define HAVE_NETINET_IN_H 1
| #define HAVE_STDDEF_H 1
| #define HAVE_STDLIB_H 1
| #define HAVE_STRING_H 1
| #define HAVE_SYS_PARAM_H 1
| #define HAVE_SYS_SOCKET_H 1
| #define HAVE_SYS_SELECT_H 1
| #define HAVE_SYS_TIME_H 1
| #define HAVE_UNISTD_H 1
| #define HAVE_SYS_TYPES_H 1
| #define TIME_WITH_SYS_TIME 1
| #define HAVE_SOCKLEN_T
| #define HAVE_ALLOCA_H 1
| #define HAVE_ALLOCA 1
| #define HAVE_DUP2 1
| #define HAVE_GETHOSTBYADDR 1
| #define HAVE_GETHOSTBYNAME 1
| #define HAVE_GETHOSTBYADDR_R 1
| #define HAVE_GETHOSTBYNAME_R 1
| #define HAVE_GETHOSTNAME 1
| #define HAVE_WRITEV 1
| #define HAVE_GETTIMEOFDAY 1
| #define HAVE_INET_NTOA 1
| #define HAVE_MEMCHR 1
| #define HAVE_MEMMOVE 1
| #define HAVE_MEMSET 1
| #define HAVE_SELECT 1
| #define HAVE_SOCKET 1
| #define HAVE_STRCHR 1
| #define HAVE_STRERROR 1
| #define HAVE_STRRCHR 1
| #define HAVE_STRSTR 1
| #define HAVE_UNAME 1
| #define HAVE_LIBRESOLV 1
| /* end confdefs.h.  */
| #include <nptl/pthread.h>
configure:8234: result: no
configure:8269: checking for nptl/pthread.h
configure:8276: result: no
configure:8482: checking pthread.h usability
configure:8494: gcc -c -g -O2   -D_THREAD_SAFE -D_REENTRANT -DPOSIX_THREADS -D_POSIX_THREAD_SAFE_FUNCTIONS conftest.c >&5
configure:8500: $? = 0
configure:8504: test -z 
			 || test ! -s conftest.err
configure:8507: $? = 0
configure:8510: test -s conftest.o
configure:8513: $? = 0
configure:8523: result: yes
configure:8527: checking pthread.h presence
configure:8537: gcc -E   -D_THREAD_SAFE -D_REENTRANT -DPOSIX_THREADS -D_POSIX_THREAD_SAFE_FUNCTIONS conftest.c
configure:8543: $? = 0
configure:8563: result: yes
configure:8598: checking for pthread.h
configure:8605: result: yes
configure:8629: checking pthread/mit/pthread.h usability
configure:8641: gcc -c -g -O2   -D_THREAD_SAFE -D_REENTRANT -DPOSIX_THREADS -D_POSIX_THREAD_SAFE_FUNCTIONS conftest.c >&5
conftest.c:101:33: fatal error: pthread/mit/pthread.h: No such file or directory
 #include <pthread/mit/pthread.h>
                                 ^
compilation terminated.
configure:8647: $? = 1
configure: failed program was:
| /* confdefs.h.  */
| 
| #define PACKAGE_NAME ""
| #define PACKAGE_TARNAME ""
| #define PACKAGE_VERSION ""
| #define PACKAGE_STRING ""
| #define PACKAGE_BUGREPORT ""
| #define STDC_HEADERS 1
| #define HAVE_SYS_TYPES_H 1
| #define HAVE_SYS_STAT_H 1
| #define HAVE_STDLIB_H 1
| #define HAVE_STRING_H 1
| #define HAVE_MEMORY_H 1
| #define HAVE_STRINGS_H 1
| #define HAVE_INTTYPES_H 1
| #define HAVE_STDINT_H 1
| #define HAVE_UNISTD_H 1
| #define SIZEOF_SHORT 2
| #define SIZEOF_INT 4
| #define SIZEOF_LONG 4
| #define SIZEOF_VOID_P 4
| #define SIZEOF_LONG_LONG 8
| #define HAVE_LIBNSL 1
| #define STDC_HEADERS 1
| #define HAVE_SYS_WAIT_H 1
| #define HAVE_ARPA_INET_H 1
| #define HAVE_FCNTL_H 1
| #define HAVE_LIMITS_H 1
| #define HAVE_MALLOC_H 1
| #define HAVE_NETDB_H 1
| #define HAVE_NETINET_IN_H 1
| #define HAVE_STDDEF_H 1
| #define HAVE_STDLIB_H 1
| #define HAVE_STRING_H 1
| #define HAVE_SYS_PARAM_H 1
| #define HAVE_SYS_SOCKET_H 1
| #define HAVE_SYS_SELECT_H 1
| #define HAVE_SYS_TIME_H 1
| #define HAVE_UNISTD_H 1
| #define HAVE_SYS_TYPES_H 1
| #define TIME_WITH_SYS_TIME 1
| #define HAVE_SOCKLEN_T
| #define HAVE_ALLOCA_H 1
| #define HAVE_ALLOCA 1
| #define HAVE_DUP2 1
| #define HAVE_GETHOSTBYADDR 1
| #define HAVE_GETHOSTBYNAME 1
| #define HAVE_GETHOSTBYADDR_R 1
| #define HAVE_GETHOSTBYNAME_R 1
| #define HAVE_GETHOSTNAME 1
| #define HAVE_WRITEV 1
| #define HAVE_GETTIMEOFDAY 1
| #define HAVE_INET_NTOA 1
| #define HAVE_MEMCHR 1
| #define HAVE_MEMMOVE 1
| #define HAVE_MEMSET 1
| #define HAVE_SELECT 1
| #define HAVE_SOCKET 1
| #define HAVE_STRCHR 1
| #define HAVE_STRERROR 1
| #define HAVE_STRRCHR 1
| #define HAVE_STRSTR 1
| #define HAVE_UNAME 1
| #define HAVE_LIBRESOLV 1
| #define HAVE_PTHREAD_H 1
| /* end confdefs.h.  */
| #include <stdio.h>
| #if HAVE_SYS_TYPES_H
| # include <sys/types.h>
| #endif
| #if HAVE_SYS_STAT_H
| # include <sys/stat.h>
| #endif
| #if STDC_HEADERS
| # include <stdlib.h>
| # include <stddef.h>
| #else
| # if HAVE_STDLIB_H
| #  include <stdlib.h>
| # endif
| #endif
| #if HAVE_STRING_H
| # if !STDC_HEADERS && HAVE_MEMORY_H
| #  include <memory.h>
| # endif
| # include <string.h>
| #endif
| #if HAVE_STRINGS_H
| # include <strings.h>
| #endif
| #if HAVE_INTTYPES_H
| # include <inttypes.h>
| #else
| # if HAVE_STDINT_H
| #  include <stdint.h>
| # endif
| #endif
| #if HAVE_UNISTD_H
| # include <unistd.h>
| #endif
| #include <pthread/mit/pthread.h>
configure:8670: result: no
configure:8674: checking pthread/mit/pthread.h presence
configure:8684: gcc -E   -D_THREAD_SAFE -D_REENTRANT -DPOSIX_THREADS -D_POSIX_THREAD_SAFE_FUNCTIONS conftest.c
conftest.c:67:33: fatal error: pthread/mit/pthread.h: No such file or directory
 #include <pthread/mit/pthread.h>
                                 ^
compilation terminated.
configure:8690: $? = 1
configure: failed program was:
| /* confdefs.h.  */
| 
| #define PACKAGE_NAME ""
| #define PACKAGE_TARNAME ""
| #define PACKAGE_VERSION ""
| #define PACKAGE_STRING ""
| #define PACKAGE_BUGREPORT ""
| #define STDC_HEADERS 1
| #define HAVE_SYS_TYPES_H 1
| #define HAVE_SYS_STAT_H 1
| #define HAVE_STDLIB_H 1
| #define HAVE_STRING_H 1
| #define HAVE_MEMORY_H 1
| #define HAVE_STRINGS_H 1
| #define HAVE_INTTYPES_H 1
| #define HAVE_STDINT_H 1
| #define HAVE_UNISTD_H 1
| #define SIZEOF_SHORT 2
| #define SIZEOF_INT 4
| #define SIZEOF_LONG 4
| #define SIZEOF_VOID_P 4
| #define SIZEOF_LONG_LONG 8
| #define HAVE_LIBNSL 1
| #define STDC_HEADERS 1
| #define HAVE_SYS_WAIT_H 1
| #define HAVE_ARPA_INET_H 1
| #define HAVE_FCNTL_H 1
| #define HAVE_LIMITS_H 1
| #define HAVE_MALLOC_H 1
| #define HAVE_NETDB_H 1
| #define HAVE_NETINET_IN_H 1
| #define HAVE_STDDEF_H 1
| #define HAVE_STDLIB_H 1
| #define HAVE_STRING_H 1
| #define HAVE_SYS_PARAM_H 1
| #define HAVE_SYS_SOCKET_H 1
| #define HAVE_SYS_SELECT_H 1
| #define HAVE_SYS_TIME_H 1
| #define HAVE_UNISTD_H 1
| #define HAVE_SYS_TYPES_H 1
| #define TIME_WITH_SYS_TIME 1
| #define HAVE_SOCKLEN_T
| #define HAVE_ALLOCA_H 1
| #define HAVE_ALLOCA 1
| #define HAVE_DUP2 1
| #define HAVE_GETHOSTBYADDR 1
| #define HAVE_GETHOSTBYNAME 1
| #define HAVE_GETHOSTBYADDR_R 1
| #define HAVE_GETHOSTBYNAME_R 1
| #define HAVE_GETHOSTNAME 1
| #define HAVE_WRITEV 1
| #define HAVE_GETTIMEOFDAY 1
| #define HAVE_INET_NTOA 1
| #define HAVE_MEMCHR 1
| #define HAVE_MEMMOVE 1
| #define HAVE_MEMSET 1
| #define HAVE_SELECT 1
| #define HAVE_SOCKET 1
| #define HAVE_STRCHR 1
| #define HAVE_STRERROR 1
| #define HAVE_STRRCHR 1
| #define HAVE_STRSTR 1
| #define HAVE_UNAME 1
| #define HAVE_LIBRESOLV 1
| #define HAVE_PTHREAD_H 1
| /* end confdefs.h.  */
| #include <pthread/mit/pthread.h>
configure:8710: result: no
configure:8745: checking for pthread/mit/pthread.h
configure:8752: result: no
configure:8812: checking if we can add -Werror=return-type to WERRORFLAGS (via CFLAGS)
configure:8832: gcc -c -Werror=return-type   conftest.c >&5
configure:8838: $? = 0
configure:8842: test -z 
			 || test ! -s conftest.err
configure:8845: $? = 0
configure:8848: test -s conftest.o
configure:8851: $? = 0
configure:8863: result: yes
configure:9023: creating ./config.status

## ---------------------- ##
## Running config.status. ##
## ---------------------- ##

This file was extended by config.status, which was
generated by GNU Autoconf 2.59.  Invocation command line was

  CONFIG_FILES    = 
  CONFIG_HEADERS  = 
  CONFIG_LINKS    = 
  CONFIG_COMMANDS = 
  $ ./config.status 

on lyne-virtual-machine

config.status:680: creating src/i686-pc-linux-gnu/Makefile
config.status:680: creating src/i686-pc-linux-gnu/eidefs.mk
config.status:777: creating src/i686-pc-linux-gnu/config.h
config.status:993: src/i686-pc-linux-gnu/config.h is unchanged

## ---------------- ##
## Cache variables. ##
## ---------------- ##

ac_cv_build=i686-pc-linux-gnu
ac_cv_build_alias=i686-pc-linux-gnu
ac_cv_c_compiler_gnu=yes
ac_cv_env_CC_set=
ac_cv_env_CC_value=
ac_cv_env_CFLAGS_set=
ac_cv_env_CFLAGS_value=
ac_cv_env_CPPFLAGS_set=
ac_cv_env_CPPFLAGS_value=
ac_cv_env_CPP_set=
ac_cv_env_CPP_value=
ac_cv_env_LDFLAGS_set=
ac_cv_env_LDFLAGS_value=
ac_cv_env_build_alias_set=
ac_cv_env_build_alias_value=
ac_cv_env_host_alias_set=
ac_cv_env_host_alias_value=
ac_cv_env_target_alias_set=
ac_cv_env_target_alias_value=
ac_cv_exeext=
ac_cv_func_alloca_works=yes
ac_cv_func_clock_gettime=yes
ac_cv_func_dup2=yes
ac_cv_func_gethostbyaddr=yes
ac_cv_func_gethostbyaddr_r=yes
ac_cv_func_gethostbyname=yes
ac_cv_func_gethostbyname_r=yes
ac_cv_func_gethostname=yes
ac_cv_func_gethrtime=no
ac_cv_func_gettimeofday=yes
ac_cv_func_inet_ntoa=yes
ac_cv_func_memchr=yes
ac_cv_func_memcmp_working=yes
ac_cv_func_memmove=yes
ac_cv_func_memset=yes
ac_cv_func_res_gethostbyname=no
ac_cv_func_select=yes
ac_cv_func_socket=yes
ac_cv_func_strchr=yes
ac_cv_func_strerror=yes
ac_cv_func_strrchr=yes
ac_cv_func_strstr=yes
ac_cv_func_uname=yes
ac_cv_func_writev=yes
ac_cv_header_arpa_inet_h=yes
ac_cv_header_fcntl_h=yes
ac_cv_header_inttypes_h=yes
ac_cv_header_limits_h=yes
ac_cv_header_malloc_h=yes
ac_cv_header_memory_h=yes
ac_cv_header_netdb_h=yes
ac_cv_header_netinet_in_h=yes
ac_cv_header_nptl_pthread_h=no
ac_cv_header_pthread_h=yes
ac_cv_header_pthread_mit_pthread_h=no
ac_cv_header_stdc=yes
ac_cv_header_stddef_h=yes
ac_cv_header_stdint_h=yes
ac_cv_header_stdlib_h=yes
ac_cv_header_string_h=yes
ac_cv_header_strings_h=yes
ac_cv_header_sys_param_h=yes
ac_cv_header_sys_select_h=yes
ac_cv_header_sys_socket_h=yes
ac_cv_header_sys_stat_h=yes
ac_cv_header_sys_time_h=yes
ac_cv_header_sys_types_h=yes
ac_cv_header_sys_wait_h=yes
ac_cv_header_time=yes
ac_cv_header_unistd_h=yes
ac_cv_host=i686-pc-linux-gnu
ac_cv_host_alias=i686-pc-linux-gnu
ac_cv_lib_nsl_gethostbyname=yes
ac_cv_lib_pthread_pthread_create=yes
ac_cv_lib_resolv_res_gethostbyname=yes
ac_cv_lib_socket_getpeername=no
ac_cv_objext=o
ac_cv_path_install='/usr/bin/install -c'
ac_cv_prog_CPP='gcc -E'
ac_cv_prog_GETCONF=getconf
ac_cv_prog_ac_ct_AR=ar
ac_cv_prog_ac_ct_CC=gcc
ac_cv_prog_ac_ct_LD=ld
ac_cv_prog_ac_ct_RANLIB=ranlib
ac_cv_prog_cc_g=yes
ac_cv_prog_cc_stdc=
ac_cv_prog_egrep='grep -E'
ac_cv_prog_gcc_traditional=no
ac_cv_prog_mkdir_p='/usr/bin/install -c -d'
ac_cv_sizeof_int=4
ac_cv_sizeof_long=4
ac_cv_sizeof_long_long=8
ac_cv_sizeof_short=2
ac_cv_sizeof_void_p=4
ac_cv_type_int=yes
ac_cv_type_long=yes
ac_cv_type_long_long=yes
ac_cv_type_pid_t=yes
ac_cv_type_short=yes
ac_cv_type_size_t=yes
ac_cv_type_uid_t=yes
ac_cv_type_void_p=yes
ac_cv_working_alloca_h=yes

## ----------------- ##
## Output variables. ##
## ----------------- ##

ALLOCA=''
AR='ar'
CC='gcc'
CFLAGS='-Werror=return-type  -g -O2'
CPP='gcc -E'
CPPFLAGS=''
DEFS='-DHAVE_CONFIG_H'
ECHO_C=''
ECHO_N='-n'
ECHO_T=''
EGREP='grep -E'
EI_THREADS='true'
EXEEXT=''
GETCONF='getconf'
INSTALL_DATA='${INSTALL} -m 644'
INSTALL_DIR='/usr/bin/install -c -d'
INSTALL_PROGRAM='${INSTALL}'
INSTALL_SCRIPT='${INSTALL}'
LD='ld'
LDFLAGS=''
LIBOBJS=''
LIBS='-lresolv -lnsl '
LIB_CFLAGS='-Werror=return-type  -g -O2 -fPIC'
LTLIBOBJS=''
MIXED_CYGWIN='no'
MIXED_CYGWIN_MINGW='no'
MIXED_CYGWIN_VC='no'
MIXED_MSYS='no'
MIXED_MSYS_VC='no'
MIXED_VC='no'
OBJEXT='o'
PACKAGE_BUGREPORT=''
PACKAGE_NAME=''
PACKAGE_STRING=''
PACKAGE_TARNAME=''
PACKAGE_VERSION=''
PATH_SEPARATOR=':'
RANLIB='ranlib'
SHELL='/bin/bash'
TARGET='i686-pc-linux-gnu'
THR_DEFS=' -D_THREAD_SAFE -D_REENTRANT -DPOSIX_THREADS -D_POSIX_THREAD_SAFE_FUNCTIONS'
THR_LIBS='-lpthread'
WFLAGS='-Wall -Wstrict-prototypes -Wmissing-prototypes -Wmissing-declarations -Wnested-externs -Winline -fno-strict-aliasing'
ac_ct_AR='ar'
ac_ct_CC='gcc'
ac_ct_LD='ld'
ac_ct_RANLIB='ranlib'
ac_pt_GETCONF=''
bindir='${exec_prefix}/bin'
build='i686-pc-linux-gnu'
build_alias=''
build_cpu='i686'
build_os='linux-gnu'
build_vendor='pc'
datadir='${prefix}/share'
exec_prefix='${prefix}'
host='i686-pc-linux-gnu'
host_alias=''
host_cpu='i686'
host_os='linux-gnu'
host_vendor='pc'
includedir='${prefix}/include'
infodir='${prefix}/info'
libdir='${exec_prefix}/lib'
libexecdir='${exec_prefix}/libexec'
localstatedir='${prefix}/var'
mandir='${prefix}/man'
oldincludedir='/usr/include'
prefix='/opt/erlang'
program_transform_name='s,x,x,'
sbindir='${exec_prefix}/sbin'
sharedstatedir='${prefix}/com'
sysconfdir='${prefix}/etc'
target_alias=''

## ----------- ##
## confdefs.h. ##
## ----------- ##

#define HAVE_ALLOCA 1
#define HAVE_ALLOCA_H 1
#define HAVE_ARPA_INET_H 1
#define HAVE_DUP2 1
#define HAVE_FCNTL_H 1
#define HAVE_GETHOSTBYADDR 1
#define HAVE_GETHOSTBYADDR_R 1
#define HAVE_GETHOSTBYNAME 1
#define HAVE_GETHOSTBYNAME_R 1
#define HAVE_GETHOSTNAME 1
#define HAVE_GETTIMEOFDAY 1
#define HAVE_INET_NTOA 1
#define HAVE_INTTYPES_H 1
#define HAVE_LIBNSL 1
#define HAVE_LIBRESOLV 1
#define HAVE_LIMITS_H 1
#define HAVE_MALLOC_H 1
#define HAVE_MEMCHR 1
#define HAVE_MEMMOVE 1
#define HAVE_MEMORY_H 1
#define HAVE_MEMSET 1
#define HAVE_NETDB_H 1
#define HAVE_NETINET_IN_H 1
#define HAVE_PTHREAD_H 1
#define HAVE_SELECT 1
#define HAVE_SOCKET 1
#define HAVE_SOCKLEN_T
#define HAVE_STDDEF_H 1
#define HAVE_STDINT_H 1
#define HAVE_STDLIB_H 1
#define HAVE_STDLIB_H 1
#define HAVE_STRCHR 1
#define HAVE_STRERROR 1
#define HAVE_STRINGS_H 1
#define HAVE_STRING_H 1
#define HAVE_STRING_H 1
#define HAVE_STRRCHR 1
#define HAVE_STRSTR 1
#define HAVE_SYS_PARAM_H 1
#define HAVE_SYS_SELECT_H 1
#define HAVE_SYS_SOCKET_H 1
#define HAVE_SYS_STAT_H 1
#define HAVE_SYS_TIME_H 1
#define HAVE_SYS_TYPES_H 1
#define HAVE_SYS_TYPES_H 1
#define HAVE_SYS_WAIT_H 1
#define HAVE_UNAME 1
#define HAVE_UNISTD_H 1
#define HAVE_UNISTD_H 1
#define HAVE_WRITEV 1
#define PACKAGE_BUGREPORT ""
#define PACKAGE_NAME ""
#define PACKAGE_STRING ""
#define PACKAGE_TARNAME ""
#define PACKAGE_VERSION ""
#define SIZEOF_INT 4
#define SIZEOF_LONG 4
#define SIZEOF_LONG_LONG 8
#define SIZEOF_SHORT 2
#define SIZEOF_VOID_P 4
#define STDC_HEADERS 1
#define STDC_HEADERS 1
#define TIME_WITH_SYS_TIME 1

configure: exit 0
