This file contains any messages produced by compilers while
running configure, to aid debugging if configure makes a mistake.

It was created by configure, which was
generated by GNU Autoconf 2.59.  Invocation command line was

  $ /home/lyne/Downloads/otp_src_17.5/lib/megaco/./configure --prefix=/opt/erlang --prefix=/opt/erlang --cache-file=/dev/null --srcdir=/home/lyne/Downloads/otp_src_17.5/lib --cache-file=/dev/null --srcdir=/home/lyne/Downloads/otp_src_17.5/lib/megaco/.

## --------- ##
## Platform. ##
## --------- ##

hostname = lyne-virtual-machine
uname -m = i686
uname -r = 3.16.0-34-generic
uname -s = Linux
uname -v = #47-Ubuntu SMP Fri Apr 10 18:03:41 UTC 2015

/usr/bin/uname -p = unknown
/bin/uname -X     = unknown

/bin/arch              = unknown
/usr/bin/arch -k       = unknown
/usr/convex/getsysinfo = unknown
hostinfo               = unknown
/bin/machine           = unknown
/usr/bin/oslevel       = unknown
/bin/universe          = unknown

PATH: /usr/local/sbin
PATH: /usr/local/bin
PATH: /usr/sbin
PATH: /usr/bin
PATH: /sbin
PATH: /bin
PATH: /usr/games
PATH: /usr/local/games


## ----------- ##
## Core tests. ##
## ----------- ##

configure:1322: checking build system type
configure:1340: result: i686-pc-linux-gnu
configure:1348: checking host system type
configure:1362: result: i686-pc-linux-gnu
configure:1439: checking for gcc
configure:1455: found /usr/bin/gcc
configure:1465: result: gcc
configure:1709: checking for C compiler version
configure:1712: gcc --version </dev/null >&5
gcc (Ubuntu 4.8.3-12ubuntu3) 4.8.3
Copyright (C) 2013 Free Software Foundation, Inc.
This is free software; see the source for copying conditions.  There is NO
warranty; not even for MERCHANTABILITY or FITNESS FOR A PARTICULAR PURPOSE.

configure:1715: $? = 0
configure:1717: gcc -v </dev/null >&5
Using built-in specs.
COLLECT_GCC=gcc
COLLECT_LTO_WRAPPER=/usr/lib/gcc/i686-linux-gnu/4.8/lto-wrapper
Target: i686-linux-gnu
Configured with: ../src/configure -v --with-pkgversion='Ubuntu 4.8.3-12ubuntu3' --with-bugurl=file:///usr/share/doc/gcc-4.8/README.Bugs --enable-languages=c,c++,java,go,d,fortran,objc,obj-c++ --prefix=/usr --program-suffix=-4.8 --enable-shared --enable-linker-build-id --libexecdir=/usr/lib --without-included-gettext --enable-threads=posix --with-gxx-include-dir=/usr/include/c++/4.8 --libdir=/usr/lib --enable-nls --with-sysroot=/ --enable-clocale=gnu --enable-libstdcxx-debug --enable-libstdcxx-time=yes --enable-gnu-unique-object --disable-libmudflap --enable-plugin --with-system-zlib --disable-browser-plugin --enable-java-awt=gtk --enable-gtk-cairo --with-java-home=/usr/lib/jvm/java-1.5.0-gcj-4.8-i386/jre --enable-java-home --with-jvm-root-dir=/usr/lib/jvm/java-1.5.0-gcj-4.8-i386 --with-jvm-jar-dir=/usr/lib/jvm-exports/java-1.5.0-gcj-4.8-i386 --with-arch-directory=i386 --with-ecj-jar=/usr/share/java/eclipse-ecj.jar --enable-objc-gc --enable-targets=all --enable-multiarch --disable-werror --with-arch-32=i686 --with-multilib-list=m32,m64,mx32 --with-tune=generic --enable-checking=release --build=i686-linux-gnu --host=i686-linux-gnu --target=i686-linux-gnu
Thread model: posix
gcc version 4.8.3 (Ubuntu 4.8.3-12ubuntu3) 
configure:1720: $? = 0
configure:1722: gcc -V </dev/null >&5
gcc: error: unrecognized command line option '-V'
gcc: fatal error: no input files
compilation terminated.
configure:1725: $? = 4
configure:1748: checking for C compiler default output file name
configure:1751: gcc    conftest.c  >&5
configure:1754: $? = 0
configure:1800: result: a.out
configure:1805: checking whether the C compiler works
configure:1811: ./a.out
configure:1814: $? = 0
configure:1831: result: yes
configure:1838: checking whether we are cross compiling
configure:1840: result: no
configure:1843: checking for suffix of executables
configure:1845: gcc -o conftest    conftest.c  >&5
configure:1848: $? = 0
configure:1873: result: 
configure:1879: checking for suffix of object files
configure:1900: gcc -c   conftest.c >&5
configure:1903: $? = 0
configure:1925: result: o
configure:1929: checking whether we are using the GNU C compiler
configure:1953: gcc -c   conftest.c >&5
configure:1959: $? = 0
configure:1963: test -z 
			 || test ! -s conftest.err
configure:1966: $? = 0
configure:1969: test -s conftest.o
configure:1972: $? = 0
configure:1985: result: yes
configure:1991: checking whether gcc accepts -g
configure:2012: gcc -c -g  conftest.c >&5
configure:2018: $? = 0
configure:2022: test -z 
			 || test ! -s conftest.err
configure:2025: $? = 0
configure:2028: test -s conftest.o
configure:2031: $? = 0
configure:2042: result: yes
configure:2059: checking for gcc option to accept ANSI C
configure:2129: gcc  -c -g -O2  conftest.c >&5
configure:2135: $? = 0
configure:2139: test -z 
			 || test ! -s conftest.err
configure:2142: $? = 0
configure:2145: test -s conftest.o
configure:2148: $? = 0
configure:2166: result: none needed
configure:2184: gcc -c -g -O2  conftest.c >&5
conftest.c:2:3: error: unknown type name 'choke'
   choke me
   ^
conftest.c:2:3: error: expected '=', ',', ';', 'asm' or '__attribute__' at end of input
configure:2190: $? = 1
configure: failed program was:
| #ifndef __cplusplus
|   choke me
| #endif
configure:2328: checking for flex
configure:2344: found /usr/bin/flex
configure:2354: result: flex
configure:2367: checking for yywrap in -lfl
configure:2397: gcc -o conftest -g -O2   conftest.c -lfl   >&5
configure:2403: $? = 0
configure:2407: test -z 
			 || test ! -s conftest.err
configure:2410: $? = 0
configure:2413: test -s conftest
configure:2416: $? = 0
configure:2429: result: yes
configure:2507: checking lex output file root
configure:2518: flex conftest.l
configure:2521: $? = 0
configure:2533: result: lex.yy
configure:2538: checking whether yytext is a pointer
configure:2554: gcc -o conftest -g -O2   conftest.c  -lfl >&5
configure:2560: $? = 0
configure:2564: test -z 
			 || test ! -s conftest.err
configure:2567: $? = 0
configure:2570: test -s conftest
configure:2573: $? = 0
configure:2587: result: yes
configure:2632: checking for reentrant capable flex
configure:2634: flex -R -Pconftest -oconftest.c conftest.flex 1>&5
configure:2637: $? = 0
configure:2641: result: yes
configure:2692: checking if we can add -Werror=return-type to CFLAGS (via CFLAGS)
configure:2712: gcc -c -Werror=return-type -g -O2  conftest.c >&5
configure:2718: $? = 0
configure:2722: test -z 
			 || test ! -s conftest.err
configure:2725: $? = 0
configure:2728: test -s conftest.o
configure:2731: $? = 0
configure:2743: result: yes
configure:2770: checking for usable Dynamic Erlang Driver configuration
configure:2783: result: yes
configure:3715: checking for perl
configure:3731: found /usr/bin/perl
configure:3742: result: perl
configure:3882: creating ./config.status

## ---------------------- ##
## Running config.status. ##
## ---------------------- ##

This file was extended by config.status, which was
generated by GNU Autoconf 2.59.  Invocation command line was

  CONFIG_FILES    = 
  CONFIG_HEADERS  = 
  CONFIG_LINKS    = 
  CONFIG_COMMANDS = 
  $ ./config.status 

on lyne-virtual-machine

config.status:655: creating examples/meas/Makefile
configure:4813: creating ./config.status

## ---------------------- ##
## Running config.status. ##
## ---------------------- ##

This file was extended by config.status, which was
generated by GNU Autoconf 2.59.  Invocation command line was

  CONFIG_FILES    = 
  CONFIG_HEADERS  = 
  CONFIG_LINKS    = 
  CONFIG_COMMANDS = 
  $ ./config.status 

on lyne-virtual-machine

config.status:656: creating examples/meas/Makefile
config.status:656: creating src/flex/i686-pc-linux-gnu/Makefile

## ---------------- ##
## Cache variables. ##
## ---------------- ##

ac_cv_build=i686-pc-linux-gnu
ac_cv_build_alias=i686-pc-linux-gnu
ac_cv_c_compiler_gnu=yes
ac_cv_env_CC_set=
ac_cv_env_CC_value=
ac_cv_env_CFLAGS_set=
ac_cv_env_CFLAGS_value=
ac_cv_env_CPPFLAGS_set=
ac_cv_env_CPPFLAGS_value=
ac_cv_env_LDFLAGS_set=
ac_cv_env_LDFLAGS_value=
ac_cv_env_build_alias_set=
ac_cv_env_build_alias_value=
ac_cv_env_host_alias_set=
ac_cv_env_host_alias_value=
ac_cv_env_target_alias_set=
ac_cv_env_target_alias_value=
ac_cv_exeext=
ac_cv_host=i686-pc-linux-gnu
ac_cv_host_alias=i686-pc-linux-gnu
ac_cv_lib_fl_yywrap=yes
ac_cv_objext=o
ac_cv_prog_LEX=flex
ac_cv_prog_PERL=perl
ac_cv_prog_ac_ct_CC=gcc
ac_cv_prog_cc_g=yes
ac_cv_prog_cc_stdc=
ac_cv_prog_lex_root=lex.yy
ac_cv_prog_lex_yytext_pointer=yes

## ----------------- ##
## Output variables. ##
## ----------------- ##

CC='false'
CFLAGS='-Werror=return-type -g -O2'
CPPFLAGS=''
DED_CFLAGS=''
DED_INCLUDES=''
DED_LD='false'
DED_LDFLAGS=''
DED_THR_DEFS=''
DEFS='-DPACKAGE_NAME=\"\" -DPACKAGE_TARNAME=\"\" -DPACKAGE_VERSION=\"\" -DPACKAGE_STRING=\"\" -DPACKAGE_BUGREPORT=\"\" -DYYTEXT_POINTER=1 '
ECHO_C=''
ECHO_N='-n'
ECHO_T=''
ENABLE_MEGACO_FLEX_SCANNER='true'
ENABLE_MEGACO_FLEX_SCANNER_LINENO='true'
ENABLE_REENTRANT_MEGACO_FLEX_SCANNER='true'
ERLANG_OSTYPE='unix'
EXEEXT=''
HAVE_USABLE_OTP_DED_MK='yes'
LDFLAGS=''
LEX='flex'
LEXLIB='-lfl'
LEX_OUTPUT_ROOT='lex.yy'
LIBOBJS=''
LIBS=''
LTLIBOBJS=''
OBJEXT='o'
OTP_EXTRA_FLAGS='-DOTP_RELEASE'
PACKAGE_BUGREPORT=''
PACKAGE_NAME=''
PACKAGE_STRING=''
PACKAGE_TARNAME=''
PACKAGE_VERSION=''
PATH_SEPARATOR=':'
PERL='perl'
SHELL='/bin/bash'
ac_ct_CC='gcc'
ac_ct_DED_LD=''
bindir='${exec_prefix}/bin'
build='i686-pc-linux-gnu'
build_alias=''
build_cpu='i686'
build_os='linux-gnu'
build_vendor='pc'
datadir='${prefix}/share'
exec_prefix='${prefix}'
host='i686-pc-linux-gnu'
host_alias=''
host_cpu='i686'
host_os='linux-gnu'
host_vendor='pc'
includedir='${prefix}/include'
infodir='${prefix}/info'
libdir='${exec_prefix}/lib'
libexecdir='${exec_prefix}/libexec'
localstatedir='${prefix}/var'
mandir='${prefix}/man'
oldincludedir='/usr/include'
prefix='/opt/erlang'
program_transform_name='s,x,x,'
sbindir='${exec_prefix}/sbin'
sharedstatedir='${prefix}/com'
sysconfdir='${prefix}/etc'
target_alias=''

## ----------- ##
## confdefs.h. ##
## ----------- ##

#define PACKAGE_BUGREPORT ""
#define PACKAGE_NAME ""
#define PACKAGE_STRING ""
#define PACKAGE_TARNAME ""
#define PACKAGE_VERSION ""
#define YYTEXT_POINTER 1

configure: exit 0
